<?xml version="1.0" encoding="UTF-8"?>
<robot generator="Robot 7.3.2 (Python 3.14.0 on win32)" generated="2026-02-17T19:51:10.099816" rpa="false" schemaversion="5">
<suite id="s1" name="Tests" source="C:\AUTOMACAO\Projetos Particulares\RobotExpress_Udemy\projects\mark85-robot-express\tests">
<suite id="s1-s1" name="Login" source="C:\AUTOMACAO\Projetos Particulares\RobotExpress_Udemy\projects\mark85-robot-express\tests\login.robot">
<test id="s1-s1-t1" name="Deve poder logar com um usuario pré-cadastrado" line="11">
<kw name="Start Session" owner="base" type="SETUP">
<kw name="New Browser" owner="Browser">
<msg time="2026-02-17T19:51:10.736731" level="INFO">{"browser": "chromium", "headless": false, "chromiumSandbox": false, "devtools": false, "handleSIGHUP": true, "handleSIGINT": true, "handleSIGTERM": true, "slowMo": 0.0, "timeout": 30000.0, "tracesDir": "C:\\AUTOMACAO\\Projetos Particulares\\RobotExpress_Udemy\\projects\\mark85-robot-express\\logs\\browser\\traces\\temp\\d605e9b2-9cef-4447-83ec-120c06abf5b9"}</msg>
<msg time="2026-02-17T19:51:10.792200" level="INFO">Starting Browser process C:\Users\rodrigo.miranda_sank\AppData\Roaming\Python\Python314\site-packages\Browser\wrapper\index.js using at 127.0.0.1:52641</msg>
<msg time="2026-02-17T19:51:12.195122" level="INFO">Successfully created browser with options: {"browser":"chromium","headless":false,"chromiumSandbox":false,"devtools":false,"handleSIGHUP":true,"handleSIGINT":true,"handleSIGTERM":true,"slowMo":0,"timeout":30000,"tracesDir":"C:\\AUTOMACAO\\Projetos Particulares\\RobotExpress_Udemy\\projects\\mark85-robot-express\\logs\\browser\\traces\\temp\\d605e9b2-9cef-4447-83ec-120c06abf5b9"}</msg>
<arg>browser=${BROWSER}</arg>
<arg>headless=False</arg>
<tag>BrowserControl</tag>
<tag>Setter</tag>
<doc>Create a new playwright Browser with specified options.</doc>
<status status="PASS" start="2026-02-17T19:51:10.735739" elapsed="1.459631"/>
</kw>
<kw name="New Page" owner="Browser">
<msg time="2026-02-17T19:51:13.369402" level="INFO">Successfully initialized new page object and opened url: http://localhost:3000</msg>
<msg time="2026-02-17T19:51:13.369653" level="INFO">No context was open. New context was automatically opened when this page is created.</msg>
<arg>${BASE_URL}</arg>
<tag>BrowserControl</tag>
<tag>Setter</tag>
<doc>Open a new Page.</doc>
<status status="PASS" start="2026-02-17T19:51:12.195738" elapsed="1.174194"/>
</kw>
<status status="PASS" start="2026-02-17T19:51:10.733996" elapsed="2.636522"/>
</kw>
<kw name="Create Dictionary" owner="BuiltIn">
<msg time="2026-02-17T19:51:13.373528" level="INFO">${user} = {'name': 'Cesar Miranda', 'email': 'cmiranda@hotmail.com', 'password': '123456'}</msg>
<var>${user}</var>
<arg>name=Cesar Miranda</arg>
<arg>email=cmiranda@hotmail.com</arg>
<arg>password=123456</arg>
<doc>Creates and returns a dictionary based on the given ``items``.</doc>
<status status="PASS" start="2026-02-17T19:51:13.371942" elapsed="0.001780"/>
</kw>
<kw name="Remove user from database" owner="database">
<msg time="2026-02-17T19:51:13.511887" level="INFO">removing user by cmiranda@hotmail.com</msg>
<arg>${user}[email]</arg>
<status status="PASS" start="2026-02-17T19:51:13.374832" elapsed="0.137218"/>
</kw>
<kw name="Insert user from database" owner="database">
<msg time="2026-02-17T19:51:13.549271" level="INFO">{'name': 'Cesar Miranda', 'email': 'cmiranda@hotmail.com', 'password': '123456'}</msg>
<arg>${user}</arg>
<status status="PASS" start="2026-02-17T19:51:13.512562" elapsed="0.036874"/>
</kw>
<kw name="Submit login form" owner="LoginPage">
<kw name="Fill Text" owner="Browser">
<msg time="2026-02-17T19:51:13.551721" level="INFO">Fills the text 'cmiranda@hotmail.com' in the given field.</msg>
<arg>css=input[placeholder*=mail]</arg>
<arg>${user}[email]</arg>
<tag>PageContent</tag>
<tag>Setter</tag>
<doc>Clears and fills the given ``txt`` into the text field found by ``selector``.</doc>
<status status="PASS" start="2026-02-17T19:51:13.550944" elapsed="0.040441"/>
</kw>
<kw name="Fill Text" owner="Browser">
<msg time="2026-02-17T19:51:13.592962" level="INFO">Fills the text '123456' in the given field.</msg>
<arg>css=input[placeholder=Senha]</arg>
<arg>${user}[password]</arg>
<tag>PageContent</tag>
<tag>Setter</tag>
<doc>Clears and fills the given ``txt`` into the text field found by ``selector``.</doc>
<status status="PASS" start="2026-02-17T19:51:13.591852" elapsed="0.024027"/>
</kw>
<kw name="Click" owner="Browser">
<msg time="2026-02-17T19:51:13.618675" level="INFO">Clicks the element 'css=button &gt;&gt; text=Entrar'.</msg>
<arg>css=button &gt;&gt; text=Entrar</arg>
<tag>PageContent</tag>
<tag>Setter</tag>
<doc>Simulates mouse click on the element found by ``selector``.</doc>
<status status="PASS" start="2026-02-17T19:51:13.616684" elapsed="0.057151"/>
</kw>
<arg>${user}</arg>
<status status="PASS" start="2026-02-17T19:51:13.550203" elapsed="0.123879"/>
</kw>
<kw name="User should be logged in" owner="Header">
<kw name="Split String" owner="String">
<msg time="2026-02-17T19:51:13.676217" level="INFO">@{splited_name} = [ Cesar | Miranda ]</msg>
<var>@{splited_name}</var>
<arg>${name}</arg>
<doc>Splits the ``string`` using ``separator`` as a delimiter string.</doc>
<status status="PASS" start="2026-02-17T19:51:13.675618" elapsed="0.000660"/>
</kw>
<kw name="Set Variable" owner="BuiltIn">
<msg time="2026-02-17T19:51:13.677198" level="INFO">${element} = css=header .right small</msg>
<var>${element}</var>
<arg>css=header .right small</arg>
<doc>Returns the given values which can then be assigned to a variables.</doc>
<status status="PASS" start="2026-02-17T19:51:13.676647" elapsed="0.000626"/>
</kw>
<kw name="Wait For Elements State" owner="Browser">
<msg time="2026-02-17T19:51:13.740240" level="INFO">Waited for Element with selector css=header .right small at state visible</msg>
<arg>${element}</arg>
<arg>visible</arg>
<arg>5</arg>
<tag>PageContent</tag>
<tag>Wait</tag>
<doc>Waits for the element found by ``selector`` to satisfy state option.</doc>
<status status="PASS" start="2026-02-17T19:51:13.677651" elapsed="0.062972"/>
</kw>
<kw name="Get Text" owner="Browser">
<msg time="2026-02-17T19:51:13.790985" level="INFO">Text: 'Olá, Cesar'</msg>
<arg>${element}</arg>
<arg>equal</arg>
<arg>Olá, ${splited_name}[0]</arg>
<tag>Assertion</tag>
<tag>Getter</tag>
<tag>PageContent</tag>
<doc>Returns text attribute of the element found by ``selector``.</doc>
<status status="PASS" start="2026-02-17T19:51:13.741342" elapsed="0.049833"/>
</kw>
<arg>${user}[name]</arg>
<status status="PASS" start="2026-02-17T19:51:13.674800" elapsed="0.116557"/>
</kw>
<kw name="Take Screenshot" owner="Browser" type="TEARDOWN">
<msg time="2026-02-17T19:51:13.983614" level="INFO" html="true">&lt;/td&gt;&lt;/tr&gt;&lt;tr&gt;&lt;td colspan="3"&gt;&lt;a href="browser/screenshot/robotframework-browser-screenshot-1.png" target="_blank"&gt;&lt;img src="browser/screenshot/robotframework-browser-screenshot-1.png" width="800px"/&gt;&lt;/a&gt;</msg>
<tag>PageContent</tag>
<doc>Takes a screenshot of the current window or element and saves it to disk.</doc>
<status status="PASS" start="2026-02-17T19:51:13.792046" elapsed="0.191774"/>
</kw>
<msg time="2026-02-17T19:51:14.007556" level="INFO">Switching context to context=53e541a9-cb42-4c87-974e-421f2fa2fe81 in CURRENT</msg>
<msg time="2026-02-17T19:51:14.017179" level="INFO">Successfully changed active context: context=53e541a9-cb42-4c87-974e-421f2fa2fe81</msg>
<msg time="2026-02-17T19:51:14.096121" level="INFO">Successfully closed Context</msg>
<status status="PASS" start="2026-02-17T19:51:10.732529" elapsed="3.251782"/>
</test>
<test id="s1-s1-t2" name="Não deve logar com senha inválida" line="24">
<kw name="Start Session" owner="base" type="SETUP">
<kw name="New Browser" owner="Browser">
<msg time="2026-02-17T19:51:14.110552" level="INFO">Switching browser to browser=52a335a1-834d-40b2-b056-788f352b084d</msg>
<msg time="2026-02-17T19:51:14.115235" level="INFO">Successfully changed active browser: browser=52a335a1-834d-40b2-b056-788f352b084d</msg>
<msg time="2026-02-17T19:51:14.115678" level="INFO">Reusing existing browser with id: browser=52a335a1-834d-40b2-b056-788f352b084d</msg>
<arg>browser=${BROWSER}</arg>
<arg>headless=False</arg>
<tag>BrowserControl</tag>
<tag>Setter</tag>
<doc>Create a new playwright Browser with specified options.</doc>
<status status="PASS" start="2026-02-17T19:51:14.108906" elapsed="0.007228"/>
</kw>
<kw name="New Page" owner="Browser">
<msg time="2026-02-17T19:51:14.778099" level="INFO">Successfully initialized new page object and opened url: http://localhost:3000</msg>
<msg time="2026-02-17T19:51:14.778201" level="INFO">No context was open. New context was automatically opened when this page is created.</msg>
<arg>${BASE_URL}</arg>
<tag>BrowserControl</tag>
<tag>Setter</tag>
<doc>Open a new Page.</doc>
<status status="PASS" start="2026-02-17T19:51:14.116752" elapsed="0.661626"/>
</kw>
<status status="PASS" start="2026-02-17T19:51:14.107316" elapsed="0.671281"/>
</kw>
<kw name="Create Dictionary" owner="BuiltIn">
<msg time="2026-02-17T19:51:14.779370" level="INFO">${user} = {'name': 'Steve Woz', 'email': 'woz@apple.com', 'password': '123456'}</msg>
<var>${user}</var>
<arg>name=Steve Woz</arg>
<arg>email=woz@apple.com</arg>
<arg>password=123456</arg>
<doc>Creates and returns a dictionary based on the given ``items``.</doc>
<status status="PASS" start="2026-02-17T19:51:14.779032" elapsed="0.000379"/>
</kw>
<kw name="Remove user from database" owner="database">
<msg time="2026-02-17T19:51:14.797938" level="INFO">removing user by woz@apple.com</msg>
<arg>${user}[email]</arg>
<status status="PASS" start="2026-02-17T19:51:14.779734" elapsed="0.018328"/>
</kw>
<kw name="Insert user from database" owner="database">
<msg time="2026-02-17T19:51:14.832863" level="INFO">{'name': 'Steve Woz', 'email': 'woz@apple.com', 'password': '123456'}</msg>
<arg>${user}</arg>
<status status="PASS" start="2026-02-17T19:51:14.798595" elapsed="0.034411"/>
</kw>
<kw name="Set To Dictionary" owner="Collections">
<arg>${user}</arg>
<arg>password=abc123</arg>
<doc>Adds the given ``key_value_pairs`` and/or ``items`` to the ``dictionary``.</doc>
<status status="PASS" start="2026-02-17T19:51:14.833564" elapsed="0.000543"/>
</kw>
<kw name="Submit login form" owner="LoginPage">
<kw name="Fill Text" owner="Browser">
<msg time="2026-02-17T19:51:14.835917" level="INFO">Fills the text 'woz@apple.com' in the given field.</msg>
<arg>css=input[placeholder*=mail]</arg>
<arg>${user}[email]</arg>
<tag>PageContent</tag>
<tag>Setter</tag>
<doc>Clears and fills the given ``txt`` into the text field found by ``selector``.</doc>
<status status="PASS" start="2026-02-17T19:51:14.835092" elapsed="0.036179"/>
</kw>
<kw name="Fill Text" owner="Browser">
<msg time="2026-02-17T19:51:14.872952" level="INFO">Fills the text 'abc123' in the given field.</msg>
<arg>css=input[placeholder=Senha]</arg>
<arg>${user}[password]</arg>
<tag>PageContent</tag>
<tag>Setter</tag>
<doc>Clears and fills the given ``txt`` into the text field found by ``selector``.</doc>
<status status="PASS" start="2026-02-17T19:51:14.871721" elapsed="0.020964"/>
</kw>
<kw name="Click" owner="Browser">
<msg time="2026-02-17T19:51:14.894241" level="INFO">Clicks the element 'css=button &gt;&gt; text=Entrar'.</msg>
<arg>css=button &gt;&gt; text=Entrar</arg>
<tag>PageContent</tag>
<tag>Setter</tag>
<doc>Simulates mouse click on the element found by ``selector``.</doc>
<status status="PASS" start="2026-02-17T19:51:14.893078" elapsed="0.063105"/>
</kw>
<arg>${user}</arg>
<status status="PASS" start="2026-02-17T19:51:14.834549" elapsed="0.121813"/>
</kw>
<kw name="Notice should be" owner="Notice">
<kw name="Set Variable" owner="BuiltIn">
<msg time="2026-02-17T19:51:14.958096" level="INFO">${element} = css=.notice p</msg>
<var>${element}</var>
<arg>css=.notice p</arg>
<doc>Returns the given values which can then be assigned to a variables.</doc>
<status status="PASS" start="2026-02-17T19:51:14.957555" elapsed="0.000613"/>
</kw>
<kw name="Wait For Elements State" owner="Browser">
<msg time="2026-02-17T19:51:15.004881" level="INFO">Waited for Element with selector css=.notice p at state visible</msg>
<arg>${element}</arg>
<arg>visible</arg>
<arg>5</arg>
<tag>PageContent</tag>
<tag>Wait</tag>
<doc>Waits for the element found by ``selector`` to satisfy state option.</doc>
<status status="PASS" start="2026-02-17T19:51:14.958441" elapsed="0.046700"/>
</kw>
<kw name="Get Text" owner="Browser">
<msg time="2026-02-17T19:51:15.036467" level="INFO">Text: 'Ocorreu um erro ao fazer login, verifique suas credenciais.'</msg>
<arg>${element}</arg>
<arg>equal</arg>
<arg>${expected_text}</arg>
<tag>Assertion</tag>
<tag>Getter</tag>
<tag>PageContent</tag>
<doc>Returns text attribute of the element found by ``selector``.</doc>
<status status="PASS" start="2026-02-17T19:51:15.005417" elapsed="0.031204"/>
</kw>
<arg>Ocorreu um erro ao fazer login, verifique suas credenciais.</arg>
<status status="PASS" start="2026-02-17T19:51:14.956983" elapsed="0.079788"/>
</kw>
<kw name="Take Screenshot" owner="Browser" type="TEARDOWN">
<msg time="2026-02-17T19:51:15.192315" level="INFO" html="true">&lt;/td&gt;&lt;/tr&gt;&lt;tr&gt;&lt;td colspan="3"&gt;&lt;a href="browser/screenshot/robotframework-browser-screenshot-2.png" target="_blank"&gt;&lt;img src="browser/screenshot/robotframework-browser-screenshot-2.png" width="800px"/&gt;&lt;/a&gt;</msg>
<tag>PageContent</tag>
<doc>Takes a screenshot of the current window or element and saves it to disk.</doc>
<status status="PASS" start="2026-02-17T19:51:15.037370" elapsed="0.155129"/>
</kw>
<msg time="2026-02-17T19:51:15.208048" level="INFO">Switching context to context=4215e2fa-874e-4f5a-b3b0-79fc9442f198 in CURRENT</msg>
<msg time="2026-02-17T19:51:15.216641" level="INFO">Successfully changed active context: context=4215e2fa-874e-4f5a-b3b0-79fc9442f198</msg>
<msg time="2026-02-17T19:51:15.275519" level="INFO">Successfully closed Context</msg>
<status status="PASS" start="2026-02-17T19:51:14.099212" elapsed="1.093596"/>
</test>
<doc>Cenários de autenticação do usuário</doc>
<status status="PASS" start="2026-02-17T19:51:10.119514" elapsed="5.158270"/>
</suite>
<suite id="s1-s2" name="Online" source="C:\AUTOMACAO\Projetos Particulares\RobotExpress_Udemy\projects\mark85-robot-express\tests\online.robot">
<test id="s1-s2-t1" name="Webapp deve estar online" line="7">
<kw name="Start Session" owner="base">
<kw name="New Browser" owner="Browser">
<msg time="2026-02-17T19:51:15.325695" level="INFO">Switching browser to browser=52a335a1-834d-40b2-b056-788f352b084d</msg>
<msg time="2026-02-17T19:51:15.328174" level="INFO">Successfully changed active browser: browser=52a335a1-834d-40b2-b056-788f352b084d</msg>
<msg time="2026-02-17T19:51:15.328400" level="INFO">Reusing existing browser with id: browser=52a335a1-834d-40b2-b056-788f352b084d</msg>
<arg>browser=${BROWSER}</arg>
<arg>headless=False</arg>
<tag>BrowserControl</tag>
<tag>Setter</tag>
<doc>Create a new playwright Browser with specified options.</doc>
<status status="PASS" start="2026-02-17T19:51:15.324771" elapsed="0.003750"/>
</kw>
<kw name="New Page" owner="Browser">
<msg time="2026-02-17T19:51:15.957940" level="INFO">Successfully initialized new page object and opened url: http://localhost:3000</msg>
<msg time="2026-02-17T19:51:15.958088" level="INFO">No context was open. New context was automatically opened when this page is created.</msg>
<arg>${BASE_URL}</arg>
<tag>BrowserControl</tag>
<tag>Setter</tag>
<doc>Open a new Page.</doc>
<status status="PASS" start="2026-02-17T19:51:15.328874" elapsed="0.629444"/>
</kw>
<status status="PASS" start="2026-02-17T19:51:15.324095" elapsed="0.634382"/>
</kw>
<kw name="Get Title" owner="Browser">
<msg time="2026-02-17T19:51:15.970010" level="INFO">Title: 'Mark85 by QAx'</msg>
<arg>equal</arg>
<arg>Mark85 by QAx</arg>
<tag>Assertion</tag>
<tag>Getter</tag>
<tag>PageContent</tag>
<doc>Returns the title of the current page.</doc>
<status status="PASS" start="2026-02-17T19:51:15.958969" elapsed="0.011200"/>
</kw>
<msg time="2026-02-17T19:51:15.990593" level="INFO">Switching context to context=b3dd507e-8989-4df2-93a8-27ecb54455d6 in CURRENT</msg>
<msg time="2026-02-17T19:51:15.999681" level="INFO">Successfully changed active context: context=b3dd507e-8989-4df2-93a8-27ecb54455d6</msg>
<msg time="2026-02-17T19:51:16.079873" level="INFO">Successfully closed Context</msg>
<status status="PASS" start="2026-02-17T19:51:15.318991" elapsed="0.651680"/>
</test>
<doc>Online</doc>
<status status="PASS" start="2026-02-17T19:51:15.287756" elapsed="0.793338"/>
</suite>
<suite id="s1-s3" name="Signup" source="C:\AUTOMACAO\Projetos Particulares\RobotExpress_Udemy\projects\mark85-robot-express\tests\signup.robot">
<test id="s1-s3-t1" name="Deve poder cadastar um novo usuário" line="10">
<kw name="Start Session" owner="base" type="SETUP">
<kw name="New Browser" owner="Browser">
<msg time="2026-02-17T19:51:16.118152" level="INFO">Switching browser to browser=52a335a1-834d-40b2-b056-788f352b084d</msg>
<msg time="2026-02-17T19:51:16.121286" level="INFO">Successfully changed active browser: browser=52a335a1-834d-40b2-b056-788f352b084d</msg>
<msg time="2026-02-17T19:51:16.121400" level="INFO">Reusing existing browser with id: browser=52a335a1-834d-40b2-b056-788f352b084d</msg>
<arg>browser=${BROWSER}</arg>
<arg>headless=False</arg>
<tag>BrowserControl</tag>
<tag>Setter</tag>
<doc>Create a new playwright Browser with specified options.</doc>
<status status="PASS" start="2026-02-17T19:51:16.117078" elapsed="0.004386"/>
</kw>
<kw name="New Page" owner="Browser">
<msg time="2026-02-17T19:51:16.791605" level="INFO">Successfully initialized new page object and opened url: http://localhost:3000</msg>
<msg time="2026-02-17T19:51:16.791709" level="INFO">No context was open. New context was automatically opened when this page is created.</msg>
<arg>${BASE_URL}</arg>
<tag>BrowserControl</tag>
<tag>Setter</tag>
<doc>Open a new Page.</doc>
<status status="PASS" start="2026-02-17T19:51:16.121779" elapsed="0.670116"/>
</kw>
<status status="PASS" start="2026-02-17T19:51:16.116360" elapsed="0.675696"/>
</kw>
<kw name="Create Dictionary" owner="BuiltIn">
<msg time="2026-02-17T19:51:16.793343" level="INFO">${user} = {'name': 'Rodrigo Miranda', 'email': 'rcmiranda@hotmail.com', 'password': 'rcm123'}</msg>
<var>${user}</var>
<arg>name=Rodrigo Miranda</arg>
<arg>email=rcmiranda@hotmail.com</arg>
<arg>password=rcm123</arg>
<doc>Creates and returns a dictionary based on the given ``items``.</doc>
<status status="PASS" start="2026-02-17T19:51:16.792711" elapsed="0.000688"/>
</kw>
<kw name="Remove user from database" owner="database">
<msg time="2026-02-17T19:51:16.811328" level="INFO">removing user by rcmiranda@hotmail.com</msg>
<arg>${user}[email]</arg>
<status status="PASS" start="2026-02-17T19:51:16.793904" elapsed="0.017536"/>
</kw>
<kw name="Go to signup page" owner="SignupPage">
<kw name="Go To" owner="Browser">
<msg time="2026-02-17T19:51:16.857417" level="INFO">Successfully opened URL http://localhost:3000/signup</msg>
<arg>${BASE_URL}/signup</arg>
<tag>BrowserControl</tag>
<tag>Setter</tag>
<doc>Navigates to the given ``url``.</doc>
<status status="PASS" start="2026-02-17T19:51:16.812703" elapsed="0.044875"/>
</kw>
<kw name="Wait For Elements State" owner="Browser">
<msg time="2026-02-17T19:51:16.889986" level="INFO">Waited for Element with selector css=h1 at state visible</msg>
<arg>css=h1</arg>
<arg>visible</arg>
<arg>5</arg>
<tag>PageContent</tag>
<tag>Wait</tag>
<doc>Waits for the element found by ``selector`` to satisfy state option.</doc>
<status status="PASS" start="2026-02-17T19:51:16.857945" elapsed="0.032241"/>
</kw>
<kw name="Get Text" owner="Browser">
<msg time="2026-02-17T19:51:16.923537" level="INFO">Text: 'Faça seu cadastro'</msg>
<arg>css=h1</arg>
<arg>equal</arg>
<arg>Faça seu cadastro</arg>
<tag>Assertion</tag>
<tag>Getter</tag>
<tag>PageContent</tag>
<doc>Returns text attribute of the element found by ``selector``.</doc>
<status status="PASS" start="2026-02-17T19:51:16.890452" elapsed="0.033299"/>
</kw>
<status status="PASS" start="2026-02-17T19:51:16.811965" elapsed="0.111970"/>
</kw>
<kw name="Submit signup form" owner="SignupPage">
<kw name="Fill Text" owner="Browser">
<msg time="2026-02-17T19:51:16.925829" level="INFO">Fills the text 'Rodrigo Miranda' in the given field.</msg>
<arg>css=input[name=name]</arg>
<arg>${user}[name]</arg>
<tag>PageContent</tag>
<tag>Setter</tag>
<doc>Clears and fills the given ``txt`` into the text field found by ``selector``.</doc>
<status status="PASS" start="2026-02-17T19:51:16.925080" elapsed="0.017314"/>
</kw>
<kw name="Fill Text" owner="Browser">
<msg time="2026-02-17T19:51:16.943803" level="INFO">Fills the text 'rcmiranda@hotmail.com' in the given field.</msg>
<arg>css=input[name=email]</arg>
<arg>${user}[email]</arg>
<tag>PageContent</tag>
<tag>Setter</tag>
<doc>Clears and fills the given ``txt`` into the text field found by ``selector``.</doc>
<status status="PASS" start="2026-02-17T19:51:16.942745" elapsed="0.024425"/>
</kw>
<kw name="Fill Text" owner="Browser">
<msg time="2026-02-17T19:51:16.968574" level="INFO">Fills the text 'rcm123' in the given field.</msg>
<arg>css=input[name=password]</arg>
<arg>${user}[password]</arg>
<tag>PageContent</tag>
<tag>Setter</tag>
<doc>Clears and fills the given ``txt`` into the text field found by ``selector``.</doc>
<status status="PASS" start="2026-02-17T19:51:16.967537" elapsed="0.020324"/>
</kw>
<kw name="Click" owner="Browser">
<msg time="2026-02-17T19:51:16.989446" level="INFO">Clicks the element 'css=button[type=submit] &gt;&gt; text=Cadastrar'.</msg>
<arg>css=button[type=submit] &gt;&gt; text=Cadastrar</arg>
<tag>PageContent</tag>
<tag>Setter</tag>
<doc>Simulates mouse click on the element found by ``selector``.</doc>
<status status="PASS" start="2026-02-17T19:51:16.988306" elapsed="0.064015"/>
</kw>
<arg>${user}</arg>
<status status="PASS" start="2026-02-17T19:51:16.924440" elapsed="0.128236"/>
</kw>
<kw name="Notice should be" owner="Notice">
<kw name="Set Variable" owner="BuiltIn">
<msg time="2026-02-17T19:51:17.053881" level="INFO">${element} = css=.notice p</msg>
<var>${element}</var>
<arg>css=.notice p</arg>
<doc>Returns the given values which can then be assigned to a variables.</doc>
<status status="PASS" start="2026-02-17T19:51:17.053646" elapsed="0.000264"/>
</kw>
<kw name="Wait For Elements State" owner="Browser">
<msg time="2026-02-17T19:51:17.151478" level="INFO">Waited for Element with selector css=.notice p at state visible</msg>
<arg>${element}</arg>
<arg>visible</arg>
<arg>5</arg>
<tag>PageContent</tag>
<tag>Wait</tag>
<doc>Waits for the element found by ``selector`` to satisfy state option.</doc>
<status status="PASS" start="2026-02-17T19:51:17.054027" elapsed="0.097650"/>
</kw>
<kw name="Get Text" owner="Browser">
<msg time="2026-02-17T19:51:17.169436" level="INFO">Text: 'Boas vindas ao Mark85, o seu gerenciador de tarefas.'</msg>
<arg>${element}</arg>
<arg>equal</arg>
<arg>${expected_text}</arg>
<tag>Assertion</tag>
<tag>Getter</tag>
<tag>PageContent</tag>
<doc>Returns text attribute of the element found by ``selector``.</doc>
<status status="PASS" start="2026-02-17T19:51:17.151936" elapsed="0.017652"/>
</kw>
<arg>Boas vindas ao Mark85, o seu gerenciador de tarefas.</arg>
<status status="PASS" start="2026-02-17T19:51:17.053221" elapsed="0.116518"/>
</kw>
<kw name="Take Screenshot" owner="Browser" type="TEARDOWN">
<msg time="2026-02-17T19:51:17.342658" level="INFO" html="true">&lt;/td&gt;&lt;/tr&gt;&lt;tr&gt;&lt;td colspan="3"&gt;&lt;a href="browser/screenshot/robotframework-browser-screenshot-3.png" target="_blank"&gt;&lt;img src="browser/screenshot/robotframework-browser-screenshot-3.png" width="800px"/&gt;&lt;/a&gt;</msg>
<tag>PageContent</tag>
<doc>Takes a screenshot of the current window or element and saves it to disk.</doc>
<status status="PASS" start="2026-02-17T19:51:17.170407" elapsed="0.172379"/>
</kw>
<msg time="2026-02-17T19:51:17.357161" level="INFO">Switching context to context=67c3ceea-130e-444f-b623-b862923395d4 in CURRENT</msg>
<msg time="2026-02-17T19:51:17.370093" level="INFO">Successfully changed active context: context=67c3ceea-130e-444f-b623-b862923395d4</msg>
<msg time="2026-02-17T19:51:17.474513" level="INFO">Successfully closed Context</msg>
<status status="PASS" start="2026-02-17T19:51:16.112378" elapsed="1.230615"/>
</test>
<test id="s1-s3-t2" name="Não deve permitir o cadastro com email duplicado" line="24">
<kw name="Start Session" owner="base" type="SETUP">
<kw name="New Browser" owner="Browser">
<msg time="2026-02-17T19:51:17.501176" level="INFO">Switching browser to browser=52a335a1-834d-40b2-b056-788f352b084d</msg>
<msg time="2026-02-17T19:51:17.505695" level="INFO">Successfully changed active browser: browser=52a335a1-834d-40b2-b056-788f352b084d</msg>
<msg time="2026-02-17T19:51:17.505920" level="INFO">Reusing existing browser with id: browser=52a335a1-834d-40b2-b056-788f352b084d</msg>
<arg>browser=${BROWSER}</arg>
<arg>headless=False</arg>
<tag>BrowserControl</tag>
<tag>Setter</tag>
<doc>Create a new playwright Browser with specified options.</doc>
<status status="PASS" start="2026-02-17T19:51:17.500036" elapsed="0.006020"/>
</kw>
<kw name="New Page" owner="Browser">
<msg time="2026-02-17T19:51:18.268556" level="INFO">Successfully initialized new page object and opened url: http://localhost:3000</msg>
<msg time="2026-02-17T19:51:18.268664" level="INFO">No context was open. New context was automatically opened when this page is created.</msg>
<arg>${BASE_URL}</arg>
<tag>BrowserControl</tag>
<tag>Setter</tag>
<doc>Open a new Page.</doc>
<status status="PASS" start="2026-02-17T19:51:17.506736" elapsed="0.762177"/>
</kw>
<status status="PASS" start="2026-02-17T19:51:17.499394" elapsed="0.769694"/>
</kw>
<kw name="Create Dictionary" owner="BuiltIn">
<msg time="2026-02-17T19:51:18.269962" level="INFO">${user} = {'name': 'Miranda Rodrigo', 'email': 'miranda@hotmail.com', 'password': 'rcm123'}</msg>
<var>${user}</var>
<arg>name=Miranda Rodrigo</arg>
<arg>email=miranda@hotmail.com</arg>
<arg>password=rcm123</arg>
<doc>Creates and returns a dictionary based on the given ``items``.</doc>
<status status="PASS" start="2026-02-17T19:51:18.269611" elapsed="0.000381"/>
</kw>
<kw name="Remove user from database" owner="database">
<msg time="2026-02-17T19:51:18.289530" level="INFO">removing user by miranda@hotmail.com</msg>
<arg>${user}[email]</arg>
<status status="PASS" start="2026-02-17T19:51:18.270530" elapsed="0.019189"/>
</kw>
<kw name="Insert user from database" owner="database">
<msg time="2026-02-17T19:51:18.325944" level="INFO">{'name': 'Miranda Rodrigo', 'email': 'miranda@hotmail.com', 'password': 'rcm123'}</msg>
<arg>${user}</arg>
<status status="PASS" start="2026-02-17T19:51:18.290223" elapsed="0.035841"/>
</kw>
<kw name="Go to signup page" owner="SignupPage">
<kw name="Go To" owner="Browser">
<msg time="2026-02-17T19:51:18.367402" level="INFO">Successfully opened URL http://localhost:3000/signup</msg>
<arg>${BASE_URL}/signup</arg>
<tag>BrowserControl</tag>
<tag>Setter</tag>
<doc>Navigates to the given ``url``.</doc>
<status status="PASS" start="2026-02-17T19:51:18.326948" elapsed="0.040778"/>
</kw>
<kw name="Wait For Elements State" owner="Browser">
<msg time="2026-02-17T19:51:18.402892" level="INFO">Waited for Element with selector css=h1 at state visible</msg>
<arg>css=h1</arg>
<arg>visible</arg>
<arg>5</arg>
<tag>PageContent</tag>
<tag>Wait</tag>
<doc>Waits for the element found by ``selector`` to satisfy state option.</doc>
<status status="PASS" start="2026-02-17T19:51:18.368009" elapsed="0.035142"/>
</kw>
<kw name="Get Text" owner="Browser">
<msg time="2026-02-17T19:51:18.436668" level="INFO">Text: 'Faça seu cadastro'</msg>
<arg>css=h1</arg>
<arg>equal</arg>
<arg>Faça seu cadastro</arg>
<tag>Assertion</tag>
<tag>Getter</tag>
<tag>PageContent</tag>
<doc>Returns text attribute of the element found by ``selector``.</doc>
<status status="PASS" start="2026-02-17T19:51:18.403447" elapsed="0.033399"/>
</kw>
<status status="PASS" start="2026-02-17T19:51:18.326546" elapsed="0.110478"/>
</kw>
<kw name="Submit signup form" owner="SignupPage">
<kw name="Fill Text" owner="Browser">
<msg time="2026-02-17T19:51:18.439732" level="INFO">Fills the text 'Miranda Rodrigo' in the given field.</msg>
<arg>css=input[name=name]</arg>
<arg>${user}[name]</arg>
<tag>PageContent</tag>
<tag>Setter</tag>
<doc>Clears and fills the given ``txt`` into the text field found by ``selector``.</doc>
<status status="PASS" start="2026-02-17T19:51:18.438497" elapsed="0.022660"/>
</kw>
<kw name="Fill Text" owner="Browser">
<msg time="2026-02-17T19:51:18.463238" level="INFO">Fills the text 'miranda@hotmail.com' in the given field.</msg>
<arg>css=input[name=email]</arg>
<arg>${user}[email]</arg>
<tag>PageContent</tag>
<tag>Setter</tag>
<doc>Clears and fills the given ``txt`` into the text field found by ``selector``.</doc>
<status status="PASS" start="2026-02-17T19:51:18.461657" elapsed="0.026387"/>
</kw>
<kw name="Fill Text" owner="Browser">
<msg time="2026-02-17T19:51:18.489745" level="INFO">Fills the text 'rcm123' in the given field.</msg>
<arg>css=input[name=password]</arg>
<arg>${user}[password]</arg>
<tag>PageContent</tag>
<tag>Setter</tag>
<doc>Clears and fills the given ``txt`` into the text field found by ``selector``.</doc>
<status status="PASS" start="2026-02-17T19:51:18.488626" elapsed="0.027469"/>
</kw>
<kw name="Click" owner="Browser">
<msg time="2026-02-17T19:51:18.517991" level="INFO">Clicks the element 'css=button[type=submit] &gt;&gt; text=Cadastrar'.</msg>
<arg>css=button[type=submit] &gt;&gt; text=Cadastrar</arg>
<tag>PageContent</tag>
<tag>Setter</tag>
<doc>Simulates mouse click on the element found by ``selector``.</doc>
<status status="PASS" start="2026-02-17T19:51:18.516480" elapsed="0.070724"/>
</kw>
<arg>${user}</arg>
<status status="PASS" start="2026-02-17T19:51:18.437586" elapsed="0.149972"/>
</kw>
<kw name="Notice should be" owner="Notice">
<kw name="Set Variable" owner="BuiltIn">
<msg time="2026-02-17T19:51:18.589914" level="INFO">${element} = css=.notice p</msg>
<var>${element}</var>
<arg>css=.notice p</arg>
<doc>Returns the given values which can then be assigned to a variables.</doc>
<status status="PASS" start="2026-02-17T19:51:18.589313" elapsed="0.000787"/>
</kw>
<kw name="Wait For Elements State" owner="Browser">
<msg time="2026-02-17T19:51:18.609491" level="INFO">Waited for Element with selector css=.notice p at state visible</msg>
<arg>${element}</arg>
<arg>visible</arg>
<arg>5</arg>
<tag>PageContent</tag>
<tag>Wait</tag>
<doc>Waits for the element found by ``selector`` to satisfy state option.</doc>
<status status="PASS" start="2026-02-17T19:51:18.590403" elapsed="0.019418"/>
</kw>
<kw name="Get Text" owner="Browser">
<msg time="2026-02-17T19:51:18.632639" level="INFO">Text: 'Oops! Já existe uma conta com o e-mail informado.'</msg>
<arg>${element}</arg>
<arg>equal</arg>
<arg>${expected_text}</arg>
<tag>Assertion</tag>
<tag>Getter</tag>
<tag>PageContent</tag>
<doc>Returns text attribute of the element found by ``selector``.</doc>
<status status="PASS" start="2026-02-17T19:51:18.610587" elapsed="0.022338"/>
</kw>
<arg>Oops! Já existe uma conta com o e-mail informado.</arg>
<status status="PASS" start="2026-02-17T19:51:18.588175" elapsed="0.044973"/>
</kw>
<kw name="Take Screenshot" owner="Browser" type="TEARDOWN">
<msg time="2026-02-17T19:51:18.821397" level="INFO" html="true">&lt;/td&gt;&lt;/tr&gt;&lt;tr&gt;&lt;td colspan="3"&gt;&lt;a href="browser/screenshot/robotframework-browser-screenshot-4.png" target="_blank"&gt;&lt;img src="browser/screenshot/robotframework-browser-screenshot-4.png" width="800px"/&gt;&lt;/a&gt;</msg>
<tag>PageContent</tag>
<doc>Takes a screenshot of the current window or element and saves it to disk.</doc>
<status status="PASS" start="2026-02-17T19:51:18.633731" elapsed="0.187900"/>
</kw>
<msg time="2026-02-17T19:51:18.839810" level="INFO">Switching context to context=b84f6260-8d98-4d68-ba46-c69fecadc777 in CURRENT</msg>
<msg time="2026-02-17T19:51:18.850674" level="INFO">Successfully changed active context: context=b84f6260-8d98-4d68-ba46-c69fecadc777</msg>
<msg time="2026-02-17T19:51:18.958887" level="INFO">Successfully closed Context</msg>
<tag>dup</tag>
<status status="PASS" start="2026-02-17T19:51:17.493225" elapsed="1.328778"/>
</test>
<test id="s1-s3-t3" name="Campos obrigatórios" line="41">
<kw name="Start Session" owner="base" type="SETUP">
<kw name="New Browser" owner="Browser">
<msg time="2026-02-17T19:51:18.969443" level="INFO">Switching browser to browser=52a335a1-834d-40b2-b056-788f352b084d</msg>
<msg time="2026-02-17T19:51:18.971173" level="INFO">Successfully changed active browser: browser=52a335a1-834d-40b2-b056-788f352b084d</msg>
<msg time="2026-02-17T19:51:18.971442" level="INFO">Reusing existing browser with id: browser=52a335a1-834d-40b2-b056-788f352b084d</msg>
<arg>browser=${BROWSER}</arg>
<arg>headless=False</arg>
<tag>BrowserControl</tag>
<tag>Setter</tag>
<doc>Create a new playwright Browser with specified options.</doc>
<status status="PASS" start="2026-02-17T19:51:18.968821" elapsed="0.002824"/>
</kw>
<kw name="New Page" owner="Browser">
<msg time="2026-02-17T19:51:19.912259" level="INFO">Successfully initialized new page object and opened url: http://localhost:3000</msg>
<msg time="2026-02-17T19:51:19.912380" level="INFO">No context was open. New context was automatically opened when this page is created.</msg>
<arg>${BASE_URL}</arg>
<tag>BrowserControl</tag>
<tag>Setter</tag>
<doc>Open a new Page.</doc>
<status status="PASS" start="2026-02-17T19:51:18.971915" elapsed="0.940699"/>
</kw>
<status status="PASS" start="2026-02-17T19:51:18.968251" elapsed="0.944552"/>
</kw>
<kw name="Create Dictionary" owner="BuiltIn">
<msg time="2026-02-17T19:51:19.915856" level="INFO">${user} = {'name': '', 'email': '', 'password': ''}</msg>
<var>${user}</var>
<arg>name=${EMPTY}</arg>
<arg>email=${EMPTY}</arg>
<arg>password=${EMPTY}</arg>
<doc>Creates and returns a dictionary based on the given ``items``.</doc>
<status status="PASS" start="2026-02-17T19:51:19.913487" elapsed="0.002462"/>
</kw>
<kw name="Go to signup page" owner="SignupPage">
<kw name="Go To" owner="Browser">
<msg time="2026-02-17T19:51:20.022376" level="INFO">Successfully opened URL http://localhost:3000/signup</msg>
<arg>${BASE_URL}/signup</arg>
<tag>BrowserControl</tag>
<tag>Setter</tag>
<doc>Navigates to the given ``url``.</doc>
<status status="PASS" start="2026-02-17T19:51:19.917367" elapsed="0.105597"/>
</kw>
<kw name="Wait For Elements State" owner="Browser">
<msg time="2026-02-17T19:51:20.070946" level="INFO">Waited for Element with selector css=h1 at state visible</msg>
<arg>css=h1</arg>
<arg>visible</arg>
<arg>5</arg>
<tag>PageContent</tag>
<tag>Wait</tag>
<doc>Waits for the element found by ``selector`` to satisfy state option.</doc>
<status status="PASS" start="2026-02-17T19:51:20.023460" elapsed="0.047812"/>
</kw>
<kw name="Get Text" owner="Browser">
<msg time="2026-02-17T19:51:20.116695" level="INFO">Text: 'Faça seu cadastro'</msg>
<arg>css=h1</arg>
<arg>equal</arg>
<arg>Faça seu cadastro</arg>
<tag>Assertion</tag>
<tag>Getter</tag>
<tag>PageContent</tag>
<doc>Returns text attribute of the element found by ``selector``.</doc>
<status status="PASS" start="2026-02-17T19:51:20.071747" elapsed="0.045156"/>
</kw>
<status status="PASS" start="2026-02-17T19:51:19.916586" elapsed="0.200536"/>
</kw>
<kw name="Submit signup form" owner="SignupPage">
<kw name="Fill Text" owner="Browser">
<msg time="2026-02-17T19:51:20.119574" level="INFO">Fills the text '' in the given field.</msg>
<arg>css=input[name=name]</arg>
<arg>${user}[name]</arg>
<tag>PageContent</tag>
<tag>Setter</tag>
<doc>Clears and fills the given ``txt`` into the text field found by ``selector``.</doc>
<status status="PASS" start="2026-02-17T19:51:20.118559" elapsed="0.029404"/>
</kw>
<kw name="Fill Text" owner="Browser">
<msg time="2026-02-17T19:51:20.149429" level="INFO">Fills the text '' in the given field.</msg>
<arg>css=input[name=email]</arg>
<arg>${user}[email]</arg>
<tag>PageContent</tag>
<tag>Setter</tag>
<doc>Clears and fills the given ``txt`` into the text field found by ``selector``.</doc>
<status status="PASS" start="2026-02-17T19:51:20.148330" elapsed="0.021852"/>
</kw>
<kw name="Fill Text" owner="Browser">
<msg time="2026-02-17T19:51:20.172082" level="INFO">Fills the text '' in the given field.</msg>
<arg>css=input[name=password]</arg>
<arg>${user}[password]</arg>
<tag>PageContent</tag>
<tag>Setter</tag>
<doc>Clears and fills the given ``txt`` into the text field found by ``selector``.</doc>
<status status="PASS" start="2026-02-17T19:51:20.170642" elapsed="0.021194"/>
</kw>
<kw name="Click" owner="Browser">
<msg time="2026-02-17T19:51:20.193908" level="INFO">Clicks the element 'css=button[type=submit] &gt;&gt; text=Cadastrar'.</msg>
<arg>css=button[type=submit] &gt;&gt; text=Cadastrar</arg>
<tag>PageContent</tag>
<tag>Setter</tag>
<doc>Simulates mouse click on the element found by ``selector``.</doc>
<status status="PASS" start="2026-02-17T19:51:20.192246" elapsed="0.073840"/>
</kw>
<arg>${user}</arg>
<status status="PASS" start="2026-02-17T19:51:20.117707" elapsed="0.148629"/>
</kw>
<kw name="Alert should be" owner="Alert">
<kw name="Wait For Elements State" owner="Browser">
<msg time="2026-02-17T19:51:20.277687" level="INFO">Waited for Element with selector css=.alert-error &gt;&gt; text=Informe seu nome completo at state visible</msg>
<arg>css=.alert-error &gt;&gt; text=${expected_text}</arg>
<arg>visible</arg>
<arg>5</arg>
<tag>PageContent</tag>
<tag>Wait</tag>
<doc>Waits for the element found by ``selector`` to satisfy state option.</doc>
<status status="PASS" start="2026-02-17T19:51:20.267750" elapsed="0.010218"/>
</kw>
<arg>Informe seu nome completo</arg>
<status status="PASS" start="2026-02-17T19:51:20.266910" elapsed="0.011262"/>
</kw>
<kw name="Alert should be" owner="Alert">
<kw name="Wait For Elements State" owner="Browser">
<msg time="2026-02-17T19:51:20.289517" level="INFO">Waited for Element with selector css=.alert-error &gt;&gt; text=Informe seu e-email at state visible</msg>
<arg>css=.alert-error &gt;&gt; text=${expected_text}</arg>
<arg>visible</arg>
<arg>5</arg>
<tag>PageContent</tag>
<tag>Wait</tag>
<doc>Waits for the element found by ``selector`` to satisfy state option.</doc>
<status status="PASS" start="2026-02-17T19:51:20.279574" elapsed="0.010230"/>
</kw>
<arg>Informe seu e-email</arg>
<status status="PASS" start="2026-02-17T19:51:20.278763" elapsed="0.011258"/>
</kw>
<kw name="Alert should be" owner="Alert">
<kw name="Wait For Elements State" owner="Browser">
<msg time="2026-02-17T19:51:20.302794" level="INFO">Waited for Element with selector css=.alert-error &gt;&gt; text=Informe uma senha com pelo menos 6 digitos at state visible</msg>
<arg>css=.alert-error &gt;&gt; text=${expected_text}</arg>
<arg>visible</arg>
<arg>5</arg>
<tag>PageContent</tag>
<tag>Wait</tag>
<doc>Waits for the element found by ``selector`` to satisfy state option.</doc>
<status status="PASS" start="2026-02-17T19:51:20.291374" elapsed="0.011712"/>
</kw>
<arg>Informe uma senha com pelo menos 6 digitos</arg>
<status status="PASS" start="2026-02-17T19:51:20.290570" elapsed="0.012721"/>
</kw>
<kw name="Take Screenshot" owner="Browser" type="TEARDOWN">
<msg time="2026-02-17T19:51:20.590086" level="INFO" html="true">&lt;/td&gt;&lt;/tr&gt;&lt;tr&gt;&lt;td colspan="3"&gt;&lt;a href="browser/screenshot/robotframework-browser-screenshot-5.png" target="_blank"&gt;&lt;img src="browser/screenshot/robotframework-browser-screenshot-5.png" width="800px"/&gt;&lt;/a&gt;</msg>
<tag>PageContent</tag>
<doc>Takes a screenshot of the current window or element and saves it to disk.</doc>
<status status="PASS" start="2026-02-17T19:51:20.303896" elapsed="0.286488"/>
</kw>
<msg time="2026-02-17T19:51:20.611264" level="INFO">Switching context to context=2a1ac921-f5f3-4fb6-a7fc-37e72c01dc61 in CURRENT</msg>
<msg time="2026-02-17T19:51:20.631316" level="INFO">Successfully changed active context: context=2a1ac921-f5f3-4fb6-a7fc-37e72c01dc61</msg>
<msg time="2026-02-17T19:51:20.723776" level="INFO">Successfully closed Context</msg>
<tag>required</tag>
<status status="PASS" start="2026-02-17T19:51:18.965176" elapsed="1.625875"/>
</test>
<test id="s1-s3-t4" name="Não deve cadastrar com email incorreto" line="57">
<kw name="Start Session" owner="base" type="SETUP">
<kw name="New Browser" owner="Browser">
<msg time="2026-02-17T19:51:20.737443" level="INFO">Switching browser to browser=52a335a1-834d-40b2-b056-788f352b084d</msg>
<msg time="2026-02-17T19:51:20.742955" level="INFO">Successfully changed active browser: browser=52a335a1-834d-40b2-b056-788f352b084d</msg>
<msg time="2026-02-17T19:51:20.743157" level="INFO">Reusing existing browser with id: browser=52a335a1-834d-40b2-b056-788f352b084d</msg>
<arg>browser=${BROWSER}</arg>
<arg>headless=False</arg>
<tag>BrowserControl</tag>
<tag>Setter</tag>
<doc>Create a new playwright Browser with specified options.</doc>
<status status="PASS" start="2026-02-17T19:51:20.734800" elapsed="0.008489"/>
</kw>
<kw name="New Page" owner="Browser">
<msg time="2026-02-17T19:51:21.636623" level="INFO">Successfully initialized new page object and opened url: http://localhost:3000</msg>
<msg time="2026-02-17T19:51:21.636751" level="INFO">No context was open. New context was automatically opened when this page is created.</msg>
<arg>${BASE_URL}</arg>
<tag>BrowserControl</tag>
<tag>Setter</tag>
<doc>Open a new Page.</doc>
<status status="PASS" start="2026-02-17T19:51:20.743596" elapsed="0.893432"/>
</kw>
<status status="PASS" start="2026-02-17T19:51:20.733097" elapsed="0.904141"/>
</kw>
<kw name="Create Dictionary" owner="BuiltIn">
<msg time="2026-02-17T19:51:21.638764" level="INFO">${user} = {'name': 'Charles Xavier', 'email': 'xavier.com.br', 'password': '123456'}</msg>
<var>${user}</var>
<arg>name=Charles Xavier</arg>
<arg>email=xavier.com.br</arg>
<arg>password=123456</arg>
<doc>Creates and returns a dictionary based on the given ``items``.</doc>
<status status="PASS" start="2026-02-17T19:51:21.637867" elapsed="0.000980"/>
</kw>
<kw name="Go to signup page" owner="SignupPage">
<kw name="Go To" owner="Browser">
<msg time="2026-02-17T19:51:21.687271" level="INFO">Successfully opened URL http://localhost:3000/signup</msg>
<arg>${BASE_URL}/signup</arg>
<tag>BrowserControl</tag>
<tag>Setter</tag>
<doc>Navigates to the given ``url``.</doc>
<status status="PASS" start="2026-02-17T19:51:21.640189" elapsed="0.047348"/>
</kw>
<kw name="Wait For Elements State" owner="Browser">
<msg time="2026-02-17T19:51:21.722404" level="INFO">Waited for Element with selector css=h1 at state visible</msg>
<arg>css=h1</arg>
<arg>visible</arg>
<arg>5</arg>
<tag>PageContent</tag>
<tag>Wait</tag>
<doc>Waits for the element found by ``selector`` to satisfy state option.</doc>
<status status="PASS" start="2026-02-17T19:51:21.687854" elapsed="0.034839"/>
</kw>
<kw name="Get Text" owner="Browser">
<msg time="2026-02-17T19:51:21.768513" level="INFO">Text: 'Faça seu cadastro'</msg>
<arg>css=h1</arg>
<arg>equal</arg>
<arg>Faça seu cadastro</arg>
<tag>Assertion</tag>
<tag>Getter</tag>
<tag>PageContent</tag>
<doc>Returns text attribute of the element found by ``selector``.</doc>
<status status="PASS" start="2026-02-17T19:51:21.723013" elapsed="0.045761"/>
</kw>
<status status="PASS" start="2026-02-17T19:51:21.639425" elapsed="0.129590"/>
</kw>
<kw name="Submit signup form" owner="SignupPage">
<kw name="Fill Text" owner="Browser">
<msg time="2026-02-17T19:51:21.771504" level="INFO">Fills the text 'Charles Xavier' in the given field.</msg>
<arg>css=input[name=name]</arg>
<arg>${user}[name]</arg>
<tag>PageContent</tag>
<tag>Setter</tag>
<doc>Clears and fills the given ``txt`` into the text field found by ``selector``.</doc>
<status status="PASS" start="2026-02-17T19:51:21.770446" elapsed="0.022799"/>
</kw>
<kw name="Fill Text" owner="Browser">
<msg time="2026-02-17T19:51:21.795031" level="INFO">Fills the text 'xavier.com.br' in the given field.</msg>
<arg>css=input[name=email]</arg>
<arg>${user}[email]</arg>
<tag>PageContent</tag>
<tag>Setter</tag>
<doc>Clears and fills the given ``txt`` into the text field found by ``selector``.</doc>
<status status="PASS" start="2026-02-17T19:51:21.793740" elapsed="0.021199"/>
</kw>
<kw name="Fill Text" owner="Browser">
<msg time="2026-02-17T19:51:21.816365" level="INFO">Fills the text '123456' in the given field.</msg>
<arg>css=input[name=password]</arg>
<arg>${user}[password]</arg>
<tag>PageContent</tag>
<tag>Setter</tag>
<doc>Clears and fills the given ``txt`` into the text field found by ``selector``.</doc>
<status status="PASS" start="2026-02-17T19:51:21.815310" elapsed="0.018829"/>
</kw>
<kw name="Click" owner="Browser">
<msg time="2026-02-17T19:51:21.835507" level="INFO">Clicks the element 'css=button[type=submit] &gt;&gt; text=Cadastrar'.</msg>
<arg>css=button[type=submit] &gt;&gt; text=Cadastrar</arg>
<tag>PageContent</tag>
<tag>Setter</tag>
<doc>Simulates mouse click on the element found by ``selector``.</doc>
<status status="PASS" start="2026-02-17T19:51:21.834506" elapsed="0.068729"/>
</kw>
<arg>${user}</arg>
<status status="PASS" start="2026-02-17T19:51:21.769599" elapsed="0.133864"/>
</kw>
<kw name="Alert should be" owner="Alert">
<kw name="Wait For Elements State" owner="Browser">
<msg time="2026-02-17T19:51:21.915112" level="INFO">Waited for Element with selector css=.alert-error &gt;&gt; text=Digite um e-mail válido at state visible</msg>
<arg>css=.alert-error &gt;&gt; text=${expected_text}</arg>
<arg>visible</arg>
<arg>5</arg>
<tag>PageContent</tag>
<tag>Wait</tag>
<doc>Waits for the element found by ``selector`` to satisfy state option.</doc>
<status status="PASS" start="2026-02-17T19:51:21.904920" elapsed="0.010571"/>
</kw>
<arg>Digite um e-mail válido</arg>
<status status="PASS" start="2026-02-17T19:51:21.904092" elapsed="0.011642"/>
</kw>
<kw name="Take Screenshot" owner="Browser" type="TEARDOWN">
<msg time="2026-02-17T19:51:22.187562" level="INFO" html="true">&lt;/td&gt;&lt;/tr&gt;&lt;tr&gt;&lt;td colspan="3"&gt;&lt;a href="browser/screenshot/robotframework-browser-screenshot-6.png" target="_blank"&gt;&lt;img src="browser/screenshot/robotframework-browser-screenshot-6.png" width="800px"/&gt;&lt;/a&gt;</msg>
<tag>PageContent</tag>
<doc>Takes a screenshot of the current window or element and saves it to disk.</doc>
<status status="PASS" start="2026-02-17T19:51:21.916522" elapsed="0.271272"/>
</kw>
<msg time="2026-02-17T19:51:22.209182" level="INFO">Switching context to context=c318e2c7-f442-4c25-aba6-51119cf1935f in CURRENT</msg>
<msg time="2026-02-17T19:51:22.219404" level="INFO">Successfully changed active context: context=c318e2c7-f442-4c25-aba6-51119cf1935f</msg>
<msg time="2026-02-17T19:51:22.334061" level="INFO">Successfully closed Context</msg>
<tag>inv_email</tag>
<status status="PASS" start="2026-02-17T19:51:20.727373" elapsed="1.460798"/>
</test>
<test id="s1-s3-t5" name="Não deve cadastrar com senha muito curta" line="70">
<kw name="Start Session" owner="base" type="SETUP">
<kw name="New Browser" owner="Browser">
<msg time="2026-02-17T19:51:22.353050" level="INFO">Switching browser to browser=52a335a1-834d-40b2-b056-788f352b084d</msg>
<msg time="2026-02-17T19:51:22.358069" level="INFO">Successfully changed active browser: browser=52a335a1-834d-40b2-b056-788f352b084d</msg>
<msg time="2026-02-17T19:51:22.358480" level="INFO">Reusing existing browser with id: browser=52a335a1-834d-40b2-b056-788f352b084d</msg>
<arg>browser=${BROWSER}</arg>
<arg>headless=False</arg>
<tag>BrowserControl</tag>
<tag>Setter</tag>
<doc>Create a new playwright Browser with specified options.</doc>
<status status="PASS" start="2026-02-17T19:51:22.351389" elapsed="0.007368"/>
</kw>
<kw name="New Page" owner="Browser">
<msg time="2026-02-17T19:51:23.136786" level="INFO">Successfully initialized new page object and opened url: http://localhost:3000</msg>
<msg time="2026-02-17T19:51:23.136933" level="INFO">No context was open. New context was automatically opened when this page is created.</msg>
<arg>${BASE_URL}</arg>
<tag>BrowserControl</tag>
<tag>Setter</tag>
<doc>Open a new Page.</doc>
<status status="PASS" start="2026-02-17T19:51:22.359193" elapsed="0.778024"/>
</kw>
<status status="PASS" start="2026-02-17T19:51:22.350317" elapsed="0.787170"/>
</kw>
<kw name="Create List" owner="BuiltIn">
<msg time="2026-02-17T19:51:23.138662" level="INFO">@{password_list} = [ 1 | 12 | 123 | 1234 | 12345 ]</msg>
<var>@{password_list}</var>
<arg>1</arg>
<arg>12</arg>
<arg>123</arg>
<arg>1234</arg>
<arg>12345</arg>
<doc>Returns a list containing given items.</doc>
<status status="PASS" start="2026-02-17T19:51:23.138117" elapsed="0.000601"/>
</kw>
<for flavor="IN">
<iter>
<kw name="Create Dictionary" owner="BuiltIn">
<msg time="2026-02-17T19:51:23.141784" level="INFO">${user} = {'name': 'Rodrigo Miranda', 'email': 'miranda@mns.com.br', 'password': '1'}</msg>
<var>${user}</var>
<arg>name=Rodrigo Miranda</arg>
<arg>email=miranda@mns.com.br</arg>
<arg>password=${password}</arg>
<doc>Creates and returns a dictionary based on the given ``items``.</doc>
<status status="PASS" start="2026-02-17T19:51:23.140619" elapsed="0.001394"/>
</kw>
<kw name="Go to signup page" owner="SignupPage">
<kw name="Go To" owner="Browser">
<msg time="2026-02-17T19:51:23.198593" level="INFO">Successfully opened URL http://localhost:3000/signup</msg>
<arg>${BASE_URL}/signup</arg>
<tag>BrowserControl</tag>
<tag>Setter</tag>
<doc>Navigates to the given ``url``.</doc>
<status status="PASS" start="2026-02-17T19:51:23.144100" elapsed="0.054786"/>
</kw>
<kw name="Wait For Elements State" owner="Browser">
<msg time="2026-02-17T19:51:23.234659" level="INFO">Waited for Element with selector css=h1 at state visible</msg>
<arg>css=h1</arg>
<arg>visible</arg>
<arg>5</arg>
<tag>PageContent</tag>
<tag>Wait</tag>
<doc>Waits for the element found by ``selector`` to satisfy state option.</doc>
<status status="PASS" start="2026-02-17T19:51:23.199206" elapsed="0.035695"/>
</kw>
<kw name="Get Text" owner="Browser">
<msg time="2026-02-17T19:51:23.277852" level="INFO">Text: 'Faça seu cadastro'</msg>
<arg>css=h1</arg>
<arg>equal</arg>
<arg>Faça seu cadastro</arg>
<tag>Assertion</tag>
<tag>Getter</tag>
<tag>PageContent</tag>
<doc>Returns text attribute of the element found by ``selector``.</doc>
<status status="PASS" start="2026-02-17T19:51:23.235231" elapsed="0.042791"/>
</kw>
<status status="PASS" start="2026-02-17T19:51:23.142668" elapsed="0.135523"/>
</kw>
<kw name="Submit signup form" owner="SignupPage">
<kw name="Fill Text" owner="Browser">
<msg time="2026-02-17T19:51:23.281336" level="INFO">Fills the text 'Rodrigo Miranda' in the given field.</msg>
<arg>css=input[name=name]</arg>
<arg>${user}[name]</arg>
<tag>PageContent</tag>
<tag>Setter</tag>
<doc>Clears and fills the given ``txt`` into the text field found by ``selector``.</doc>
<status status="PASS" start="2026-02-17T19:51:23.279446" elapsed="0.022352"/>
</kw>
<kw name="Fill Text" owner="Browser">
<msg time="2026-02-17T19:51:23.303022" level="INFO">Fills the text 'miranda@mns.com.br' in the given field.</msg>
<arg>css=input[name=email]</arg>
<arg>${user}[email]</arg>
<tag>PageContent</tag>
<tag>Setter</tag>
<doc>Clears and fills the given ``txt`` into the text field found by ``selector``.</doc>
<status status="PASS" start="2026-02-17T19:51:23.302120" elapsed="0.016194"/>
</kw>
<kw name="Fill Text" owner="Browser">
<msg time="2026-02-17T19:51:23.319661" level="INFO">Fills the text '1' in the given field.</msg>
<arg>css=input[name=password]</arg>
<arg>${user}[password]</arg>
<tag>PageContent</tag>
<tag>Setter</tag>
<doc>Clears and fills the given ``txt`` into the text field found by ``selector``.</doc>
<status status="PASS" start="2026-02-17T19:51:23.318663" elapsed="0.014459"/>
</kw>
<kw name="Click" owner="Browser">
<msg time="2026-02-17T19:51:23.334312" level="INFO">Clicks the element 'css=button[type=submit] &gt;&gt; text=Cadastrar'.</msg>
<arg>css=button[type=submit] &gt;&gt; text=Cadastrar</arg>
<tag>PageContent</tag>
<tag>Setter</tag>
<doc>Simulates mouse click on the element found by ``selector``.</doc>
<status status="PASS" start="2026-02-17T19:51:23.333456" elapsed="0.064880"/>
</kw>
<arg>${user}</arg>
<status status="PASS" start="2026-02-17T19:51:23.278492" elapsed="0.120032"/>
</kw>
<kw name="Alert should be" owner="Alert">
<kw name="Wait For Elements State" owner="Browser">
<msg time="2026-02-17T19:51:23.409356" level="INFO">Waited for Element with selector css=.alert-error &gt;&gt; text=Informe uma senha com pelo menos 6 digitos at state visible</msg>
<arg>css=.alert-error &gt;&gt; text=${expected_text}</arg>
<arg>visible</arg>
<arg>5</arg>
<tag>PageContent</tag>
<tag>Wait</tag>
<doc>Waits for the element found by ``selector`` to satisfy state option.</doc>
<status status="PASS" start="2026-02-17T19:51:23.399431" elapsed="0.010499"/>
</kw>
<arg>Informe uma senha com pelo menos 6 digitos</arg>
<status status="PASS" start="2026-02-17T19:51:23.398807" elapsed="0.011373"/>
</kw>
<var name="${password}">1</var>
<status status="PASS" start="2026-02-17T19:51:23.139782" elapsed="0.270483"/>
</iter>
<iter>
<kw name="Create Dictionary" owner="BuiltIn">
<msg time="2026-02-17T19:51:23.413259" level="INFO">${user} = {'name': 'Rodrigo Miranda', 'email': 'miranda@mns.com.br', 'password': '12'}</msg>
<var>${user}</var>
<arg>name=Rodrigo Miranda</arg>
<arg>email=miranda@mns.com.br</arg>
<arg>password=${password}</arg>
<doc>Creates and returns a dictionary based on the given ``items``.</doc>
<status status="PASS" start="2026-02-17T19:51:23.411753" elapsed="0.001652"/>
</kw>
<kw name="Go to signup page" owner="SignupPage">
<kw name="Go To" owner="Browser">
<msg time="2026-02-17T19:51:23.453563" level="INFO">Successfully opened URL http://localhost:3000/signup</msg>
<arg>${BASE_URL}/signup</arg>
<tag>BrowserControl</tag>
<tag>Setter</tag>
<doc>Navigates to the given ``url``.</doc>
<status status="PASS" start="2026-02-17T19:51:23.414955" elapsed="0.038840"/>
</kw>
<kw name="Wait For Elements State" owner="Browser">
<msg time="2026-02-17T19:51:23.478128" level="INFO">Waited for Element with selector css=h1 at state visible</msg>
<arg>css=h1</arg>
<arg>visible</arg>
<arg>5</arg>
<tag>PageContent</tag>
<tag>Wait</tag>
<doc>Waits for the element found by ``selector`` to satisfy state option.</doc>
<status status="PASS" start="2026-02-17T19:51:23.454089" elapsed="0.024296"/>
</kw>
<kw name="Get Text" owner="Browser">
<msg time="2026-02-17T19:51:23.511517" level="INFO">Text: 'Faça seu cadastro'</msg>
<arg>css=h1</arg>
<arg>equal</arg>
<arg>Faça seu cadastro</arg>
<tag>Assertion</tag>
<tag>Getter</tag>
<tag>PageContent</tag>
<doc>Returns text attribute of the element found by ``selector``.</doc>
<status status="PASS" start="2026-02-17T19:51:23.478713" elapsed="0.032968"/>
</kw>
<status status="PASS" start="2026-02-17T19:51:23.413993" elapsed="0.097847"/>
</kw>
<kw name="Submit signup form" owner="SignupPage">
<kw name="Fill Text" owner="Browser">
<msg time="2026-02-17T19:51:23.514596" level="INFO">Fills the text 'Rodrigo Miranda' in the given field.</msg>
<arg>css=input[name=name]</arg>
<arg>${user}[name]</arg>
<tag>PageContent</tag>
<tag>Setter</tag>
<doc>Clears and fills the given ``txt`` into the text field found by ``selector``.</doc>
<status status="PASS" start="2026-02-17T19:51:23.513350" elapsed="0.017158"/>
</kw>
<kw name="Fill Text" owner="Browser">
<msg time="2026-02-17T19:51:23.531876" level="INFO">Fills the text 'miranda@mns.com.br' in the given field.</msg>
<arg>css=input[name=email]</arg>
<arg>${user}[email]</arg>
<tag>PageContent</tag>
<tag>Setter</tag>
<doc>Clears and fills the given ``txt`` into the text field found by ``selector``.</doc>
<status status="PASS" start="2026-02-17T19:51:23.530848" elapsed="0.017599"/>
</kw>
<kw name="Fill Text" owner="Browser">
<msg time="2026-02-17T19:51:23.549877" level="INFO">Fills the text '12' in the given field.</msg>
<arg>css=input[name=password]</arg>
<arg>${user}[password]</arg>
<tag>PageContent</tag>
<tag>Setter</tag>
<doc>Clears and fills the given ``txt`` into the text field found by ``selector``.</doc>
<status status="PASS" start="2026-02-17T19:51:23.548880" elapsed="0.016682"/>
</kw>
<kw name="Click" owner="Browser">
<msg time="2026-02-17T19:51:23.566758" level="INFO">Clicks the element 'css=button[type=submit] &gt;&gt; text=Cadastrar'.</msg>
<arg>css=button[type=submit] &gt;&gt; text=Cadastrar</arg>
<tag>PageContent</tag>
<tag>Setter</tag>
<doc>Simulates mouse click on the element found by ``selector``.</doc>
<status status="PASS" start="2026-02-17T19:51:23.565920" elapsed="0.057565"/>
</kw>
<arg>${user}</arg>
<status status="PASS" start="2026-02-17T19:51:23.512223" elapsed="0.111505"/>
</kw>
<kw name="Alert should be" owner="Alert">
<kw name="Wait For Elements State" owner="Browser">
<msg time="2026-02-17T19:51:23.634681" level="INFO">Waited for Element with selector css=.alert-error &gt;&gt; text=Informe uma senha com pelo menos 6 digitos at state visible</msg>
<arg>css=.alert-error &gt;&gt; text=${expected_text}</arg>
<arg>visible</arg>
<arg>5</arg>
<tag>PageContent</tag>
<tag>Wait</tag>
<doc>Waits for the element found by ``selector`` to satisfy state option.</doc>
<status status="PASS" start="2026-02-17T19:51:23.625103" elapsed="0.009832"/>
</kw>
<arg>Informe uma senha com pelo menos 6 digitos</arg>
<status status="PASS" start="2026-02-17T19:51:23.624084" elapsed="0.011040"/>
</kw>
<var name="${password}">12</var>
<status status="PASS" start="2026-02-17T19:51:23.410706" elapsed="0.224502"/>
</iter>
<iter>
<kw name="Create Dictionary" owner="BuiltIn">
<msg time="2026-02-17T19:51:23.636548" level="INFO">${user} = {'name': 'Rodrigo Miranda', 'email': 'miranda@mns.com.br', 'password': '123'}</msg>
<var>${user}</var>
<arg>name=Rodrigo Miranda</arg>
<arg>email=miranda@mns.com.br</arg>
<arg>password=${password}</arg>
<doc>Creates and returns a dictionary based on the given ``items``.</doc>
<status status="PASS" start="2026-02-17T19:51:23.635926" elapsed="0.000677"/>
</kw>
<kw name="Go to signup page" owner="SignupPage">
<kw name="Go To" owner="Browser">
<msg time="2026-02-17T19:51:23.681646" level="INFO">Successfully opened URL http://localhost:3000/signup</msg>
<arg>${BASE_URL}/signup</arg>
<tag>BrowserControl</tag>
<tag>Setter</tag>
<doc>Navigates to the given ``url``.</doc>
<status status="PASS" start="2026-02-17T19:51:23.637456" elapsed="0.044461"/>
</kw>
<kw name="Wait For Elements State" owner="Browser">
<msg time="2026-02-17T19:51:23.705396" level="INFO">Waited for Element with selector css=h1 at state visible</msg>
<arg>css=h1</arg>
<arg>visible</arg>
<arg>5</arg>
<tag>PageContent</tag>
<tag>Wait</tag>
<doc>Waits for the element found by ``selector`` to satisfy state option.</doc>
<status status="PASS" start="2026-02-17T19:51:23.682264" elapsed="0.023375"/>
</kw>
<kw name="Get Text" owner="Browser">
<msg time="2026-02-17T19:51:23.745750" level="INFO">Text: 'Faça seu cadastro'</msg>
<arg>css=h1</arg>
<arg>equal</arg>
<arg>Faça seu cadastro</arg>
<tag>Assertion</tag>
<tag>Getter</tag>
<tag>PageContent</tag>
<doc>Returns text attribute of the element found by ``selector``.</doc>
<status status="PASS" start="2026-02-17T19:51:23.705957" elapsed="0.040028"/>
</kw>
<status status="PASS" start="2026-02-17T19:51:23.636885" elapsed="0.109340"/>
</kw>
<kw name="Submit signup form" owner="SignupPage">
<kw name="Fill Text" owner="Browser">
<msg time="2026-02-17T19:51:23.748688" level="INFO">Fills the text 'Rodrigo Miranda' in the given field.</msg>
<arg>css=input[name=name]</arg>
<arg>${user}[name]</arg>
<tag>PageContent</tag>
<tag>Setter</tag>
<doc>Clears and fills the given ``txt`` into the text field found by ``selector``.</doc>
<status status="PASS" start="2026-02-17T19:51:23.747612" elapsed="0.015103"/>
</kw>
<kw name="Fill Text" owner="Browser">
<msg time="2026-02-17T19:51:23.764084" level="INFO">Fills the text 'miranda@mns.com.br' in the given field.</msg>
<arg>css=input[name=email]</arg>
<arg>${user}[email]</arg>
<tag>PageContent</tag>
<tag>Setter</tag>
<doc>Clears and fills the given ``txt`` into the text field found by ``selector``.</doc>
<status status="PASS" start="2026-02-17T19:51:23.763059" elapsed="0.017189"/>
</kw>
<kw name="Fill Text" owner="Browser">
<msg time="2026-02-17T19:51:23.781782" level="INFO">Fills the text '123' in the given field.</msg>
<arg>css=input[name=password]</arg>
<arg>${user}[password]</arg>
<tag>PageContent</tag>
<tag>Setter</tag>
<doc>Clears and fills the given ``txt`` into the text field found by ``selector``.</doc>
<status status="PASS" start="2026-02-17T19:51:23.780597" elapsed="0.017630"/>
</kw>
<kw name="Click" owner="Browser">
<msg time="2026-02-17T19:51:23.799443" level="INFO">Clicks the element 'css=button[type=submit] &gt;&gt; text=Cadastrar'.</msg>
<arg>css=button[type=submit] &gt;&gt; text=Cadastrar</arg>
<tag>PageContent</tag>
<tag>Setter</tag>
<doc>Simulates mouse click on the element found by ``selector``.</doc>
<status status="PASS" start="2026-02-17T19:51:23.798572" elapsed="0.057287"/>
</kw>
<arg>${user}</arg>
<status status="PASS" start="2026-02-17T19:51:23.746639" elapsed="0.109404"/>
</kw>
<kw name="Alert should be" owner="Alert">
<kw name="Wait For Elements State" owner="Browser">
<msg time="2026-02-17T19:51:23.865436" level="INFO">Waited for Element with selector css=.alert-error &gt;&gt; text=Informe uma senha com pelo menos 6 digitos at state visible</msg>
<arg>css=.alert-error &gt;&gt; text=${expected_text}</arg>
<arg>visible</arg>
<arg>5</arg>
<tag>PageContent</tag>
<tag>Wait</tag>
<doc>Waits for the element found by ``selector`` to satisfy state option.</doc>
<status status="PASS" start="2026-02-17T19:51:23.857168" elapsed="0.008501"/>
</kw>
<arg>Informe uma senha com pelo menos 6 digitos</arg>
<status status="PASS" start="2026-02-17T19:51:23.856337" elapsed="0.009508"/>
</kw>
<var name="${password}">123</var>
<status status="PASS" start="2026-02-17T19:51:23.635482" elapsed="0.230464"/>
</iter>
<iter>
<kw name="Create Dictionary" owner="BuiltIn">
<msg time="2026-02-17T19:51:23.867234" level="INFO">${user} = {'name': 'Rodrigo Miranda', 'email': 'miranda@mns.com.br', 'password': '1234'}</msg>
<var>${user}</var>
<arg>name=Rodrigo Miranda</arg>
<arg>email=miranda@mns.com.br</arg>
<arg>password=${password}</arg>
<doc>Creates and returns a dictionary based on the given ``items``.</doc>
<status status="PASS" start="2026-02-17T19:51:23.866616" elapsed="0.000669"/>
</kw>
<kw name="Go to signup page" owner="SignupPage">
<kw name="Go To" owner="Browser">
<msg time="2026-02-17T19:51:23.907740" level="INFO">Successfully opened URL http://localhost:3000/signup</msg>
<arg>${BASE_URL}/signup</arg>
<tag>BrowserControl</tag>
<tag>Setter</tag>
<doc>Navigates to the given ``url``.</doc>
<status status="PASS" start="2026-02-17T19:51:23.868080" elapsed="0.039926"/>
</kw>
<kw name="Wait For Elements State" owner="Browser">
<msg time="2026-02-17T19:51:23.931248" level="INFO">Waited for Element with selector css=h1 at state visible</msg>
<arg>css=h1</arg>
<arg>visible</arg>
<arg>5</arg>
<tag>PageContent</tag>
<tag>Wait</tag>
<doc>Waits for the element found by ``selector`` to satisfy state option.</doc>
<status status="PASS" start="2026-02-17T19:51:23.908344" elapsed="0.023150"/>
</kw>
<kw name="Get Text" owner="Browser">
<msg time="2026-02-17T19:51:23.965673" level="INFO">Text: 'Faça seu cadastro'</msg>
<arg>css=h1</arg>
<arg>equal</arg>
<arg>Faça seu cadastro</arg>
<tag>Assertion</tag>
<tag>Getter</tag>
<tag>PageContent</tag>
<doc>Returns text attribute of the element found by ``selector``.</doc>
<status status="PASS" start="2026-02-17T19:51:23.931814" elapsed="0.034032"/>
</kw>
<status status="PASS" start="2026-02-17T19:51:23.867561" elapsed="0.098458"/>
</kw>
<kw name="Submit signup form" owner="SignupPage">
<kw name="Fill Text" owner="Browser">
<msg time="2026-02-17T19:51:23.968429" level="INFO">Fills the text 'Rodrigo Miranda' in the given field.</msg>
<arg>css=input[name=name]</arg>
<arg>${user}[name]</arg>
<tag>PageContent</tag>
<tag>Setter</tag>
<doc>Clears and fills the given ``txt`` into the text field found by ``selector``.</doc>
<status status="PASS" start="2026-02-17T19:51:23.967123" elapsed="0.015356"/>
</kw>
<kw name="Fill Text" owner="Browser">
<msg time="2026-02-17T19:51:23.983864" level="INFO">Fills the text 'miranda@mns.com.br' in the given field.</msg>
<arg>css=input[name=email]</arg>
<arg>${user}[email]</arg>
<tag>PageContent</tag>
<tag>Setter</tag>
<doc>Clears and fills the given ``txt`` into the text field found by ``selector``.</doc>
<status status="PASS" start="2026-02-17T19:51:23.982854" elapsed="0.015801"/>
</kw>
<kw name="Fill Text" owner="Browser">
<msg time="2026-02-17T19:51:23.999972" level="INFO">Fills the text '1234' in the given field.</msg>
<arg>css=input[name=password]</arg>
<arg>${user}[password]</arg>
<tag>PageContent</tag>
<tag>Setter</tag>
<doc>Clears and fills the given ``txt`` into the text field found by ``selector``.</doc>
<status status="PASS" start="2026-02-17T19:51:23.998976" elapsed="0.014929"/>
</kw>
<kw name="Click" owner="Browser">
<msg time="2026-02-17T19:51:24.015214" level="INFO">Clicks the element 'css=button[type=submit] &gt;&gt; text=Cadastrar'.</msg>
<arg>css=button[type=submit] &gt;&gt; text=Cadastrar</arg>
<tag>PageContent</tag>
<tag>Setter</tag>
<doc>Simulates mouse click on the element found by ``selector``.</doc>
<status status="PASS" start="2026-02-17T19:51:24.014246" elapsed="0.042872"/>
</kw>
<arg>${user}</arg>
<status status="PASS" start="2026-02-17T19:51:23.966314" elapsed="0.091031"/>
</kw>
<kw name="Alert should be" owner="Alert">
<kw name="Wait For Elements State" owner="Browser">
<msg time="2026-02-17T19:51:24.066057" level="INFO">Waited for Element with selector css=.alert-error &gt;&gt; text=Informe uma senha com pelo menos 6 digitos at state visible</msg>
<arg>css=.alert-error &gt;&gt; text=${expected_text}</arg>
<arg>visible</arg>
<arg>5</arg>
<tag>PageContent</tag>
<tag>Wait</tag>
<doc>Waits for the element found by ``selector`` to satisfy state option.</doc>
<status status="PASS" start="2026-02-17T19:51:24.058430" elapsed="0.007879"/>
</kw>
<arg>Informe uma senha com pelo menos 6 digitos</arg>
<status status="PASS" start="2026-02-17T19:51:24.057704" elapsed="0.008798"/>
</kw>
<var name="${password}">1234</var>
<status status="PASS" start="2026-02-17T19:51:23.866182" elapsed="0.200400"/>
</iter>
<iter>
<kw name="Create Dictionary" owner="BuiltIn">
<msg time="2026-02-17T19:51:24.067876" level="INFO">${user} = {'name': 'Rodrigo Miranda', 'email': 'miranda@mns.com.br', 'password': '12345'}</msg>
<var>${user}</var>
<arg>name=Rodrigo Miranda</arg>
<arg>email=miranda@mns.com.br</arg>
<arg>password=${password}</arg>
<doc>Creates and returns a dictionary based on the given ``items``.</doc>
<status status="PASS" start="2026-02-17T19:51:24.067272" elapsed="0.000659"/>
</kw>
<kw name="Go to signup page" owner="SignupPage">
<kw name="Go To" owner="Browser">
<msg time="2026-02-17T19:51:24.112090" level="INFO">Successfully opened URL http://localhost:3000/signup</msg>
<arg>${BASE_URL}/signup</arg>
<tag>BrowserControl</tag>
<tag>Setter</tag>
<doc>Navigates to the given ``url``.</doc>
<status status="PASS" start="2026-02-17T19:51:24.068744" elapsed="0.043618"/>
</kw>
<kw name="Wait For Elements State" owner="Browser">
<msg time="2026-02-17T19:51:24.136424" level="INFO">Waited for Element with selector css=h1 at state visible</msg>
<arg>css=h1</arg>
<arg>visible</arg>
<arg>5</arg>
<tag>PageContent</tag>
<tag>Wait</tag>
<doc>Waits for the element found by ``selector`` to satisfy state option.</doc>
<status status="PASS" start="2026-02-17T19:51:24.112709" elapsed="0.023980"/>
</kw>
<kw name="Get Text" owner="Browser">
<msg time="2026-02-17T19:51:24.171929" level="INFO">Text: 'Faça seu cadastro'</msg>
<arg>css=h1</arg>
<arg>equal</arg>
<arg>Faça seu cadastro</arg>
<tag>Assertion</tag>
<tag>Getter</tag>
<tag>PageContent</tag>
<doc>Returns text attribute of the element found by ``selector``.</doc>
<status status="PASS" start="2026-02-17T19:51:24.137011" elapsed="0.035088"/>
</kw>
<status status="PASS" start="2026-02-17T19:51:24.068211" elapsed="0.104060"/>
</kw>
<kw name="Submit signup form" owner="SignupPage">
<kw name="Fill Text" owner="Browser">
<msg time="2026-02-17T19:51:24.174500" level="INFO">Fills the text 'Rodrigo Miranda' in the given field.</msg>
<arg>css=input[name=name]</arg>
<arg>${user}[name]</arg>
<tag>PageContent</tag>
<tag>Setter</tag>
<doc>Clears and fills the given ``txt`` into the text field found by ``selector``.</doc>
<status status="PASS" start="2026-02-17T19:51:24.173495" elapsed="0.017812"/>
</kw>
<kw name="Fill Text" owner="Browser">
<msg time="2026-02-17T19:51:24.192818" level="INFO">Fills the text 'miranda@mns.com.br' in the given field.</msg>
<arg>css=input[name=email]</arg>
<arg>${user}[email]</arg>
<tag>PageContent</tag>
<tag>Setter</tag>
<doc>Clears and fills the given ``txt`` into the text field found by ``selector``.</doc>
<status status="PASS" start="2026-02-17T19:51:24.191744" elapsed="0.014141"/>
</kw>
<kw name="Fill Text" owner="Browser">
<msg time="2026-02-17T19:51:24.207495" level="INFO">Fills the text '12345' in the given field.</msg>
<arg>css=input[name=password]</arg>
<arg>${user}[password]</arg>
<tag>PageContent</tag>
<tag>Setter</tag>
<doc>Clears and fills the given ``txt`` into the text field found by ``selector``.</doc>
<status status="PASS" start="2026-02-17T19:51:24.206362" elapsed="0.015657"/>
</kw>
<kw name="Click" owner="Browser">
<msg time="2026-02-17T19:51:24.223417" level="INFO">Clicks the element 'css=button[type=submit] &gt;&gt; text=Cadastrar'.</msg>
<arg>css=button[type=submit] &gt;&gt; text=Cadastrar</arg>
<tag>PageContent</tag>
<tag>Setter</tag>
<doc>Simulates mouse click on the element found by ``selector``.</doc>
<status status="PASS" start="2026-02-17T19:51:24.222346" elapsed="0.050866"/>
</kw>
<arg>${user}</arg>
<status status="PASS" start="2026-02-17T19:51:24.172574" elapsed="0.100908"/>
</kw>
<kw name="Alert should be" owner="Alert">
<kw name="Wait For Elements State" owner="Browser">
<msg time="2026-02-17T19:51:24.283625" level="INFO">Waited for Element with selector css=.alert-error &gt;&gt; text=Informe uma senha com pelo menos 6 digitos at state visible</msg>
<arg>css=.alert-error &gt;&gt; text=${expected_text}</arg>
<arg>visible</arg>
<arg>5</arg>
<tag>PageContent</tag>
<tag>Wait</tag>
<doc>Waits for the element found by ``selector`` to satisfy state option.</doc>
<status status="PASS" start="2026-02-17T19:51:24.274573" elapsed="0.009340"/>
</kw>
<arg>Informe uma senha com pelo menos 6 digitos</arg>
<status status="PASS" start="2026-02-17T19:51:24.273810" elapsed="0.010307"/>
</kw>
<var name="${password}">12345</var>
<status status="PASS" start="2026-02-17T19:51:24.066827" elapsed="0.217379"/>
</iter>
<var>${password}</var>
<value>@{password_list}</value>
<status status="PASS" start="2026-02-17T19:51:23.139157" elapsed="1.145145"/>
</for>
<kw name="Take Screenshot" owner="Browser" type="TEARDOWN">
<msg time="2026-02-17T19:51:24.515829" level="INFO" html="true">&lt;/td&gt;&lt;/tr&gt;&lt;tr&gt;&lt;td colspan="3"&gt;&lt;a href="browser/screenshot/robotframework-browser-screenshot-7.png" target="_blank"&gt;&lt;img src="browser/screenshot/robotframework-browser-screenshot-7.png" width="800px"/&gt;&lt;/a&gt;</msg>
<tag>PageContent</tag>
<doc>Takes a screenshot of the current window or element and saves it to disk.</doc>
<status status="PASS" start="2026-02-17T19:51:24.284979" elapsed="0.231157"/>
</kw>
<msg time="2026-02-17T19:51:24.536530" level="INFO">Switching context to context=e4416176-2b55-4c96-a374-7f051ca90f15 in CURRENT</msg>
<msg time="2026-02-17T19:51:24.546388" level="INFO">Successfully changed active context: context=e4416176-2b55-4c96-a374-7f051ca90f15</msg>
<msg time="2026-02-17T19:51:24.642339" level="INFO">Successfully closed Context</msg>
<tag>temp</tag>
<status status="PASS" start="2026-02-17T19:51:22.341545" elapsed="2.175130"/>
</test>
<doc>Cenários de testes do cadastro de usuários</doc>
<status status="PASS" start="2026-02-17T19:51:16.090038" elapsed="8.559647"/>
</suite>
<suite id="s1-s4" name="Tasks" source="C:\AUTOMACAO\Projetos Particulares\RobotExpress_Udemy\projects\mark85-robot-express\tests\tasks">
<suite id="s1-s4-s1" name="Create" source="C:\AUTOMACAO\Projetos Particulares\RobotExpress_Udemy\projects\mark85-robot-express\tests\tasks\create.robot">
<test id="s1-s4-s1-t1" name="Deve poder cadastrar uma nova tarefa" line="10">
<kw name="Start Session" owner="base" type="SETUP">
<kw name="New Browser" owner="Browser">
<msg time="2026-02-17T19:51:24.732138" level="INFO">Switching browser to browser=52a335a1-834d-40b2-b056-788f352b084d</msg>
<msg time="2026-02-17T19:51:24.736467" level="INFO">Successfully changed active browser: browser=52a335a1-834d-40b2-b056-788f352b084d</msg>
<msg time="2026-02-17T19:51:24.736754" level="INFO">Reusing existing browser with id: browser=52a335a1-834d-40b2-b056-788f352b084d</msg>
<arg>browser=${BROWSER}</arg>
<arg>headless=False</arg>
<tag>BrowserControl</tag>
<tag>Setter</tag>
<doc>Create a new playwright Browser with specified options.</doc>
<status status="PASS" start="2026-02-17T19:51:24.729881" elapsed="0.006983"/>
</kw>
<kw name="New Page" owner="Browser">
<msg time="2026-02-17T19:51:25.468081" level="INFO">Successfully initialized new page object and opened url: http://localhost:3000</msg>
<msg time="2026-02-17T19:51:25.468201" level="INFO">No context was open. New context was automatically opened when this page is created.</msg>
<arg>${BASE_URL}</arg>
<tag>BrowserControl</tag>
<tag>Setter</tag>
<doc>Open a new Page.</doc>
<status status="PASS" start="2026-02-17T19:51:24.737189" elapsed="0.731228"/>
</kw>
<status status="PASS" start="2026-02-17T19:51:24.728184" elapsed="0.740512"/>
</kw>
<kw name="Get fixture" owner="base">
<kw name="Load Json From File" owner="JSONLibrary">
<msg time="2026-02-17T19:51:25.471448" level="INFO">${data} = {'create': {'user': {'name': 'Steve Jobs', 'email': 'jobs@apple.com', 'password': 'rcm123'}, 'task': {'name': 'Criar uma nova versão do Ipod', 'tags': ['ios', 'music', 'ipod']}}, 'duplicate': {'user':...</msg>
<var>${data}</var>
<arg>${EXECDIR}/resources/fixtures/${file_name}.json</arg>
<arg>encoding=utf-8</arg>
<doc>Load JSON from file.</doc>
<status status="PASS" start="2026-02-17T19:51:25.470138" elapsed="0.001397"/>
</kw>
<return>
<value>${data}[${scenario}]</value>
<status status="PASS" start="2026-02-17T19:51:25.471828" elapsed="0.000351"/>
</return>
<msg time="2026-02-17T19:51:25.472903" level="INFO">${data} = {'user': {'name': 'Steve Jobs', 'email': 'jobs@apple.com', 'password': 'rcm123'}, 'task': {'name': 'Criar uma nova versão do Ipod', 'tags': ['ios', 'music', 'ipod']}}</msg>
<var>${data}</var>
<arg>tasks</arg>
<arg>create</arg>
<status status="PASS" start="2026-02-17T19:51:25.469327" elapsed="0.003669"/>
</kw>
<kw name="Reset user from database" owner="base">
<kw name="Clean user from database" owner="database">
<arg>${user}[email]</arg>
<status status="PASS" start="2026-02-17T19:51:25.474442" elapsed="0.058696"/>
</kw>
<kw name="Insert user from database" owner="database">
<msg time="2026-02-17T19:51:25.584418" level="INFO">{'name': 'Steve Jobs', 'email': 'jobs@apple.com', 'password': 'rcm123'}</msg>
<arg>${user}</arg>
<status status="PASS" start="2026-02-17T19:51:25.533746" elapsed="0.050785"/>
</kw>
<arg>${data}[user]</arg>
<status status="PASS" start="2026-02-17T19:51:25.473678" elapsed="0.110978"/>
</kw>
<kw name="Do login" owner="base">
<kw name="Submit login form" owner="LoginPage">
<kw name="Fill Text" owner="Browser">
<msg time="2026-02-17T19:51:25.587343" level="INFO">Fills the text 'jobs@apple.com' in the given field.</msg>
<arg>css=input[placeholder*=mail]</arg>
<arg>${user}[email]</arg>
<tag>PageContent</tag>
<tag>Setter</tag>
<doc>Clears and fills the given ``txt`` into the text field found by ``selector``.</doc>
<status status="PASS" start="2026-02-17T19:51:25.586408" elapsed="0.038829"/>
</kw>
<kw name="Fill Text" owner="Browser">
<msg time="2026-02-17T19:51:25.626407" level="INFO">Fills the text 'rcm123' in the given field.</msg>
<arg>css=input[placeholder=Senha]</arg>
<arg>${user}[password]</arg>
<tag>PageContent</tag>
<tag>Setter</tag>
<doc>Clears and fills the given ``txt`` into the text field found by ``selector``.</doc>
<status status="PASS" start="2026-02-17T19:51:25.625565" elapsed="0.013506"/>
</kw>
<kw name="Click" owner="Browser">
<msg time="2026-02-17T19:51:25.640357" level="INFO">Clicks the element 'css=button &gt;&gt; text=Entrar'.</msg>
<arg>css=button &gt;&gt; text=Entrar</arg>
<tag>PageContent</tag>
<tag>Setter</tag>
<doc>Simulates mouse click on the element found by ``selector``.</doc>
<status status="PASS" start="2026-02-17T19:51:25.639470" elapsed="0.056867"/>
</kw>
<arg>${user}</arg>
<status status="PASS" start="2026-02-17T19:51:25.585832" elapsed="0.110685"/>
</kw>
<kw name="User should be logged in" owner="Header">
<kw name="Split String" owner="String">
<msg time="2026-02-17T19:51:25.698396" level="INFO">@{splited_name} = [ Steve | Jobs ]</msg>
<var>@{splited_name}</var>
<arg>${name}</arg>
<doc>Splits the ``string`` using ``separator`` as a delimiter string.</doc>
<status status="PASS" start="2026-02-17T19:51:25.697611" elapsed="0.000870"/>
</kw>
<kw name="Set Variable" owner="BuiltIn">
<msg time="2026-02-17T19:51:25.699336" level="INFO">${element} = css=header .right small</msg>
<var>${element}</var>
<arg>css=header .right small</arg>
<doc>Returns the given values which can then be assigned to a variables.</doc>
<status status="PASS" start="2026-02-17T19:51:25.698798" elapsed="0.000616"/>
</kw>
<kw name="Wait For Elements State" owner="Browser">
<msg time="2026-02-17T19:51:25.806927" level="INFO">Waited for Element with selector css=header .right small at state visible</msg>
<arg>${element}</arg>
<arg>visible</arg>
<arg>5</arg>
<tag>PageContent</tag>
<tag>Wait</tag>
<doc>Waits for the element found by ``selector`` to satisfy state option.</doc>
<status status="PASS" start="2026-02-17T19:51:25.699770" elapsed="0.107367"/>
</kw>
<kw name="Get Text" owner="Browser">
<msg time="2026-02-17T19:51:25.839601" level="INFO">Text: 'Olá, Steve'</msg>
<arg>${element}</arg>
<arg>equal</arg>
<arg>Olá, ${splited_name}[0]</arg>
<tag>Assertion</tag>
<tag>Getter</tag>
<tag>PageContent</tag>
<doc>Returns text attribute of the element found by ``selector``.</doc>
<status status="PASS" start="2026-02-17T19:51:25.807400" elapsed="0.032366"/>
</kw>
<arg>${user}[name]</arg>
<status status="PASS" start="2026-02-17T19:51:25.696809" elapsed="0.143110"/>
</kw>
<arg>${data}[user]</arg>
<status status="PASS" start="2026-02-17T19:51:25.585181" elapsed="0.254829"/>
</kw>
<kw name="Go to task form" owner="Header">
<kw name="Click" owner="Browser">
<msg time="2026-02-17T19:51:25.842198" level="INFO">Clicks the element 'css=.button-add'.</msg>
<arg>css=.button-add</arg>
<tag>PageContent</tag>
<tag>Setter</tag>
<doc>Simulates mouse click on the element found by ``selector``.</doc>
<status status="PASS" start="2026-02-17T19:51:25.841237" elapsed="0.051188"/>
</kw>
<status status="PASS" start="2026-02-17T19:51:25.840476" elapsed="0.052121"/>
</kw>
<kw name="Submit task form" owner="TaskCreatePage">
<kw name="Fill Text" owner="Browser">
<msg time="2026-02-17T19:51:25.895094" level="INFO">Fills the text 'Criar uma nova versão do Ipod' in the given field.</msg>
<arg>css=input[placeholder$="tarefa"]</arg>
<arg>${task}[name]</arg>
<tag>PageContent</tag>
<tag>Setter</tag>
<doc>Clears and fills the given ``txt`` into the text field found by ``selector``.</doc>
[...]
<status status="PASS" start="2026-02-17T19:51:38.549815" elapsed="0.020834"/>
</kw>
<arg>${data}[task][name]</arg>
<status status="PASS" start="2026-02-17T19:51:38.540497" elapsed="0.030315"/>
</kw>
<kw name="Task should not exist" owner="TasksPage">
<kw name="Wait For Elements State" owner="Browser">
<msg time="2026-02-17T19:51:38.618007" level="INFO">Waited for Element with selector css=.task-todo &gt;&gt; text=Criar a IA do Ultron at state detached</msg>
<arg>css=.task-todo &gt;&gt; text=${task_name}</arg>
<arg>detached</arg>
<arg>5</arg>
<tag>PageContent</tag>
<tag>Wait</tag>
<doc>Waits for the element found by ``selector`` to satisfy state option.</doc>
<status status="PASS" start="2026-02-17T19:51:38.572539" elapsed="0.045694"/>
</kw>
<arg>${data}[task][name]</arg>
<status status="PASS" start="2026-02-17T19:51:38.571486" elapsed="0.046978"/>
</kw>
<kw name="Take Screenshot" owner="Browser" type="TEARDOWN">
<msg time="2026-02-17T19:51:38.841959" level="INFO" html="true">&lt;/td&gt;&lt;/tr&gt;&lt;tr&gt;&lt;td colspan="3"&gt;&lt;a href="browser/screenshot/robotframework-browser-screenshot-11.png" target="_blank"&gt;&lt;img src="browser/screenshot/robotframework-browser-screenshot-11.png" width="800px"/&gt;&lt;/a&gt;</msg>
<tag>PageContent</tag>
<doc>Takes a screenshot of the current window or element and saves it to disk.</doc>
<status status="PASS" start="2026-02-17T19:51:38.619237" elapsed="0.222922"/>
</kw>
<msg time="2026-02-17T19:51:38.861356" level="INFO">Switching context to context=409e7fcd-3192-46d4-8cf2-ef0f8c51251d in CURRENT</msg>
<msg time="2026-02-17T19:51:38.872340" level="INFO">Successfully changed active context: context=409e7fcd-3192-46d4-8cf2-ef0f8c51251d</msg>
<msg time="2026-02-17T19:51:38.985305" level="INFO">Successfully closed Context</msg>
<status status="PASS" start="2026-02-17T19:51:37.307364" elapsed="1.535153"/>
</test>
<doc>Cenários de testes de remoção de tarefas</doc>
<status status="PASS" start="2026-02-17T19:51:37.259025" elapsed="1.730411"/>
</suite>
<suite id="s1-s4-s3" name="Update" source="C:\AUTOMACAO\Projetos Particulares\RobotExpress_Udemy\projects\mark85-robot-express\tests\tasks\update.robot">
<test id="s1-s4-s3-t1" name="Deve poder marcar uma tarefa como concluída" line="10">
<kw name="Start Session" owner="base" type="SETUP">
<kw name="New Browser" owner="Browser">
<msg time="2026-02-17T19:51:39.054141" level="INFO">Switching browser to browser=52a335a1-834d-40b2-b056-788f352b084d</msg>
<msg time="2026-02-17T19:51:39.056920" level="INFO">Successfully changed active browser: browser=52a335a1-834d-40b2-b056-788f352b084d</msg>
<msg time="2026-02-17T19:51:39.057071" level="INFO">Reusing existing browser with id: browser=52a335a1-834d-40b2-b056-788f352b084d</msg>
<arg>browser=${BROWSER}</arg>
<arg>headless=False</arg>
<tag>BrowserControl</tag>
<tag>Setter</tag>
<doc>Create a new playwright Browser with specified options.</doc>
<status status="PASS" start="2026-02-17T19:51:39.053244" elapsed="0.003927"/>
</kw>
<kw name="New Page" owner="Browser">
<msg time="2026-02-17T19:51:39.845907" level="INFO">Successfully initialized new page object and opened url: http://localhost:3000</msg>
<msg time="2026-02-17T19:51:39.846004" level="INFO">No context was open. New context was automatically opened when this page is created.</msg>
<arg>${BASE_URL}</arg>
<tag>BrowserControl</tag>
<tag>Setter</tag>
<doc>Open a new Page.</doc>
<status status="PASS" start="2026-02-17T19:51:39.057460" elapsed="0.788718"/>
</kw>
<status status="PASS" start="2026-02-17T19:51:39.052563" elapsed="0.793757"/>
</kw>
<kw name="Get fixture" owner="base">
<kw name="Load Json From File" owner="JSONLibrary">
<msg time="2026-02-17T19:51:39.848545" level="INFO">${data} = {'create': {'user': {'name': 'Steve Jobs', 'email': 'jobs@apple.com', 'password': 'rcm123'}, 'task': {'name': 'Criar uma nova versão do Ipod', 'tags': ['ios', 'music', 'ipod']}}, 'duplicate': {'user':...</msg>
<var>${data}</var>
<arg>${EXECDIR}/resources/fixtures/${file_name}.json</arg>
<arg>encoding=utf-8</arg>
<doc>Load JSON from file.</doc>
<status status="PASS" start="2026-02-17T19:51:39.847582" elapsed="0.001034"/>
</kw>
<return>
<value>${data}[${scenario}]</value>
<status status="PASS" start="2026-02-17T19:51:39.848747" elapsed="0.000235"/>
</return>
<msg time="2026-02-17T19:51:39.849295" level="INFO">${data} = {'user': {'name': 'Tony Stark', 'email': 'tony@stark.com', 'password': 'rcm123'}, 'task': {'name': 'Criar uma nova IA', 'tags': ['jarvis', 'ultron', 'ark']}}</msg>
<var>${data}</var>
<arg>tasks</arg>
<arg>done</arg>
<status status="PASS" start="2026-02-17T19:51:39.846911" elapsed="0.002468"/>
</kw>
<kw name="Reset user from database" owner="base">
<kw name="Clean user from database" owner="database">
<arg>${user}[email]</arg>
<status status="PASS" start="2026-02-17T19:51:39.850683" elapsed="0.065216"/>
</kw>
<kw name="Insert user from database" owner="database">
<msg time="2026-02-17T19:51:39.960018" level="INFO">{'name': 'Tony Stark', 'email': 'tony@stark.com', 'password': 'rcm123'}</msg>
<arg>${user}</arg>
<status status="PASS" start="2026-02-17T19:51:39.916177" elapsed="0.043965"/>
</kw>
<arg>${data}[user]</arg>
<status status="PASS" start="2026-02-17T19:51:39.850014" elapsed="0.110264"/>
</kw>
<kw name="Create a new task from API" owner="base">
<kw name="POST user session" owner="services">
<kw name="Create Dictionary" owner="BuiltIn">
<msg time="2026-02-17T19:51:39.962793" level="INFO">${payload} = {'email': 'tony@stark.com', 'password': 'rcm123'}</msg>
<var>${payload}</var>
<arg>email=${user}[email]</arg>
<arg>password=${user}[password]</arg>
<doc>Creates and returns a dictionary based on the given ``items``.</doc>
<status status="PASS" start="2026-02-17T19:51:39.962119" elapsed="0.000727"/>
</kw>
<kw name="POST" owner="RequestsLibrary">
<msg time="2026-02-17T19:51:40.026798" level="INFO">POST Request : url=http://localhost:3333/sessions 
 path_url=/sessions 
 headers={'User-Agent': 'python-requests/2.32.5', 'Accept-Encoding': 'gzip, deflate, zstd', 'Accept': '*/*', 'Connection': 'keep-alive', 'Content-Length': '49', 'Content-Type': 'application/json'} 
 body=b'{"email": "tony@stark.com", "password": "rcm123"}' 
 </msg>
<msg time="2026-02-17T19:51:40.026939" level="INFO">POST Response : url=http://localhost:3333/sessions 
 status=200, reason=OK 
 headers={'X-Powered-By': 'Express', 'Access-Control-Allow-Origin': '*', 'Content-Type': 'application/json; charset=utf-8', 'Content-Length': '577', 'ETag': 'W/"241-56I8uIuShkJE9c0Wtt5tchN4ALU"', 'Date': 'Tue, 17 Feb 2026 22:51:40 GMT', 'Connection': 'keep-alive', 'Keep-Alive': 'timeout=5'} 
 body={"user":{"_id":"6994f0fbf0c39079eed05f1d","name":"Tony Stark","email":"tony@stark.com","password":"$2b$08$ggxMeLJqtT0WGm9Xfrz3jujBa67N9I3FvdGskNdVbzcuFyPG1B5XO"},"token":"eyJhbGciOiJIUzI1NiIsInR5cCI6IkpXVCJ9.eyJpZCI6IjY5OTRmMGZiZjBjMzkwNzllZWQwNWYxZCIsInVzZXIiOnsiX2lkIjoiNjk5NGYwZmJmMGMzOTA3OWVlZDA1ZjFkIiwibmFtZSI6IlRvbnkgU3RhcmsiLCJlbWFpbCI6InRvbnlAc3RhcmsuY29tIiwicGFzc3dvcmQiOiIkMmIkMDgkZ2d4TWVMSnF0VDBXR205WGZyejNqdWpCYTY3TjlJM0Z2ZEdza05kVmJ6Y3VGeVBHMUI1WE8ifSwiaWF0IjoxNzcxMzY4NzAwLCJleHAiOjE3NzIyMzI3MDB9.TJneImjNXU3ja5GdJNNCTX6iXS9gd3_gZtKHuMN1dX4","expires_in":"10d"} 
 </msg>
<msg time="2026-02-17T19:51:40.027336" level="INFO">${resp} = &lt;Response [200]&gt;</msg>
<var>${resp}</var>
<arg>url=http://localhost:3333/sessions</arg>
<arg>json=${payload}</arg>
<arg>expected_status=200</arg>
<doc>Sends a POST request.</doc>
<status status="PASS" start="2026-02-17T19:51:39.963134" elapsed="0.064247"/>
</kw>
<kw name="Set Variable" owner="BuiltIn">
<msg time="2026-02-17T19:51:40.028393" level="INFO">${token} = eyJhbGciOiJIUzI1NiIsInR5cCI6IkpXVCJ9.eyJpZCI6IjY5OTRmMGZiZjBjMzkwNzllZWQwNWYxZCIsInVzZXIiOnsiX2lkIjoiNjk5NGYwZmJmMGMzOTA3OWVlZDA1ZjFkIiwibmFtZSI6IlRvbnkgU3RhcmsiLCJlbWFpbCI6InRvbnlAc3RhcmsuY29tIiwicGF...</msg>
<var>${token}</var>
<arg>${resp.json()}[token]</arg>
<doc>Returns the given values which can then be assigned to a variables.</doc>
<status status="PASS" start="2026-02-17T19:51:40.027617" elapsed="0.000817"/>
</kw>
<kw name="Set Test Variable" owner="BuiltIn">
<msg time="2026-02-17T19:51:40.028983" level="INFO">${token} = eyJhbGciOiJIUzI1NiIsInR5cCI6IkpXVCJ9.eyJpZCI6IjY5OTRmMGZiZjBjMzkwNzllZWQwNWYxZCIsInVzZXIiOnsiX2lkIjoiNjk5NGYwZmJmMGMzOTA3OWVlZDA1ZjFkIiwibmFtZSI6IlRvbnkgU3RhcmsiLCJlbWFpbCI6InRvbnlAc3RhcmsuY29tIiwicGF...</msg>
<arg>${token}</arg>
<doc>Makes a variable available everywhere within the scope of the current test.</doc>
<status status="PASS" start="2026-02-17T19:51:40.028602" elapsed="0.000482"/>
</kw>
<arg>${data}[user]</arg>
<status status="PASS" start="2026-02-17T19:51:39.961565" elapsed="0.067672"/>
</kw>
<kw name="POST a new task" owner="services">
<kw name="Create Dictionary" owner="BuiltIn">
<msg time="2026-02-17T19:51:40.030857" level="INFO">${headers} = {'Authorization': 'eyJhbGciOiJIUzI1NiIsInR5cCI6IkpXVCJ9.eyJpZCI6IjY5OTRmMGZiZjBjMzkwNzllZWQwNWYxZCIsInVzZXIiOnsiX2lkIjoiNjk5NGYwZmJmMGMzOTA3OWVlZDA1ZjFkIiwibmFtZSI6IlRvbnkgU3RhcmsiLCJlbWFpbCI6InRvbnlA...</msg>
<var>${headers}</var>
<arg>Authorization=${token}</arg>
<doc>Creates and returns a dictionary based on the given ``items``.</doc>
<status status="PASS" start="2026-02-17T19:51:40.030310" elapsed="0.000588"/>
</kw>
<kw name="POST" owner="RequestsLibrary">
<msg time="2026-02-17T19:51:40.070904" level="INFO">POST Request : url=http://localhost:3333/tasks 
 path_url=/tasks 
 headers={'User-Agent': 'python-requests/2.32.5', 'Accept-Encoding': 'gzip, deflate, zstd', 'Accept': '*/*', 'Connection': 'keep-alive', 'Authorization': 'eyJhbGciOiJIUzI1NiIsInR5cCI6IkpXVCJ9.eyJpZCI6IjY5OTRmMGZiZjBjMzkwNzllZWQwNWYxZCIsInVzZXIiOnsiX2lkIjoiNjk5NGYwZmJmMGMzOTA3OWVlZDA1ZjFkIiwibmFtZSI6IlRvbnkgU3RhcmsiLCJlbWFpbCI6InRvbnlAc3RhcmsuY29tIiwicGFzc3dvcmQiOiIkMmIkMDgkZ2d4TWVMSnF0VDBXR205WGZyejNqdWpCYTY3TjlJM0Z2ZEdza05kVmJ6Y3VGeVBHMUI1WE8ifSwiaWF0IjoxNzcxMzY4NzAwLCJleHAiOjE3NzIyMzI3MDB9.TJneImjNXU3ja5GdJNNCTX6iXS9gd3_gZtKHuMN1dX4', 'Content-Length': '66', 'Content-Type': 'application/json'} 
 body=b'{"name": "Criar uma nova IA", "tags": ["jarvis", "ultron", "ark"]}' 
 </msg>
<msg time="2026-02-17T19:51:40.071013" level="INFO">POST Response : url=http://localhost:3333/tasks 
 status=201, reason=Created 
 headers={'X-Powered-By': 'Express', 'Access-Control-Allow-Origin': '*', 'Content-Type': 'application/json; charset=utf-8', 'Content-Length': '144', 'ETag': 'W/"90-sb0k1OP8RZMHzkphCHlxfWoBclc"', 'Date': 'Tue, 17 Feb 2026 22:51:40 GMT', 'Connection': 'keep-alive', 'Keep-Alive': 'timeout=5'} 
 body={"name":"Criar uma nova IA","is_done":false,"tags":["jarvis","ultron","ark"],"user":"6994f0fbf0c39079eed05f1d","_id":"6994f0fc18bbfb2e742f5900"} 
 </msg>
<arg>url=http://localhost:3333/tasks</arg>
<arg>json=${payload}</arg>
<arg>headers=${headers}</arg>
<arg>expected_status=201</arg>
<doc>Sends a POST request.</doc>
<status status="PASS" start="2026-02-17T19:51:40.031065" elapsed="0.040039"/>
</kw>
<arg>${data}[task]</arg>
<status status="PASS" start="2026-02-17T19:51:40.029547" elapsed="0.041698"/>
</kw>
<arg>${data}</arg>
<status status="PASS" start="2026-02-17T19:51:39.960734" elapsed="0.110593"/>
</kw>
<kw name="Do login" owner="base">
<kw name="Submit login form" owner="LoginPage">
<kw name="Fill Text" owner="Browser">
<msg time="2026-02-17T19:51:40.073990" level="INFO">Fills the text 'tony@stark.com' in the given field.</msg>
<arg>css=input[placeholder*=mail]</arg>
<arg>${user}[email]</arg>
<tag>PageContent</tag>
<tag>Setter</tag>
<doc>Clears and fills the given ``txt`` into the text field found by ``selector``.</doc>
<status status="PASS" start="2026-02-17T19:51:40.073010" elapsed="0.037988"/>
</kw>
<kw name="Fill Text" owner="Browser">
<msg time="2026-02-17T19:51:40.112749" level="INFO">Fills the text 'rcm123' in the given field.</msg>
<arg>css=input[placeholder=Senha]</arg>
<arg>${user}[password]</arg>
<tag>PageContent</tag>
<tag>Setter</tag>
<doc>Clears and fills the given ``txt`` into the text field found by ``selector``.</doc>
<status status="PASS" start="2026-02-17T19:51:40.111439" elapsed="0.014806"/>
</kw>
<kw name="Click" owner="Browser">
<msg time="2026-02-17T19:51:40.128069" level="INFO">Clicks the element 'css=button &gt;&gt; text=Entrar'.</msg>
<arg>css=button &gt;&gt; text=Entrar</arg>
<tag>PageContent</tag>
<tag>Setter</tag>
<doc>Simulates mouse click on the element found by ``selector``.</doc>
<status status="PASS" start="2026-02-17T19:51:40.126805" elapsed="0.056507"/>
</kw>
<arg>${user}</arg>
<status status="PASS" start="2026-02-17T19:51:40.072503" elapsed="0.110980"/>
</kw>
<kw name="User should be logged in" owner="Header">
<kw name="Split String" owner="String">
<msg time="2026-02-17T19:51:40.185115" level="INFO">@{splited_name} = [ Tony | Stark ]</msg>
<var>@{splited_name}</var>
<arg>${name}</arg>
<doc>Splits the ``string`` using ``separator`` as a delimiter string.</doc>
<status status="PASS" start="2026-02-17T19:51:40.184477" elapsed="0.000683"/>
</kw>
<kw name="Set Variable" owner="BuiltIn">
<msg time="2026-02-17T19:51:40.185775" level="INFO">${element} = css=header .right small</msg>
<var>${element}</var>
<arg>css=header .right small</arg>
<doc>Returns the given values which can then be assigned to a variables.</doc>
<status status="PASS" start="2026-02-17T19:51:40.185418" elapsed="0.000402"/>
</kw>
<kw name="Wait For Elements State" owner="Browser">
<msg time="2026-02-17T19:51:40.289070" level="INFO">Waited for Element with selector css=header .right small at state visible</msg>
<arg>${element}</arg>
<arg>visible</arg>
<arg>5</arg>
<tag>PageContent</tag>
<tag>Wait</tag>
<doc>Waits for the element found by ``selector`` to satisfy state option.</doc>
<status status="PASS" start="2026-02-17T19:51:40.186051" elapsed="0.103247"/>
</kw>
<kw name="Get Text" owner="Browser">
<msg time="2026-02-17T19:51:40.320045" level="INFO">Text: 'Olá, Tony'</msg>
<arg>${element}</arg>
<arg>equal</arg>
<arg>Olá, ${splited_name}[0]</arg>
<tag>Assertion</tag>
<tag>Getter</tag>
<tag>PageContent</tag>
<doc>Returns text attribute of the element found by ``selector``.</doc>
<status status="PASS" start="2026-02-17T19:51:40.289560" elapsed="0.030655"/>
</kw>
<arg>${user}[name]</arg>
<status status="PASS" start="2026-02-17T19:51:40.183785" elapsed="0.136585"/>
</kw>
<arg>${data}[user]</arg>
<status status="PASS" start="2026-02-17T19:51:40.071869" elapsed="0.248590"/>
</kw>
<kw name="Mark task as completed" owner="TasksPage">
<kw name="Set Variable" owner="BuiltIn">
<msg time="2026-02-17T19:51:40.321875" level="INFO">${element} = xpath=//strong[text()="Criar uma nova IA"]/..//button[@class="item-toggle"]</msg>
<var>${element}</var>
<arg>xpath=//strong[text()="${task_name}"]/..//button[@class="item-toggle"]</arg>
<doc>Returns the given values which can then be assigned to a variables.</doc>
<status status="PASS" start="2026-02-17T19:51:40.321513" elapsed="0.000405"/>
</kw>
<kw name="Wait For Elements State" owner="Browser">
<msg time="2026-02-17T19:51:40.328976" level="INFO">Waited for Element with selector xpath=//strong[text()="Criar uma nova IA"]/..//button[@class="item-toggle"] at state visible</msg>
<arg>${element}</arg>
<arg>visible</arg>
<arg>5</arg>
<tag>PageContent</tag>
<tag>Wait</tag>
<doc>Waits for the element found by ``selector`` to satisfy state option.</doc>
<status status="PASS" start="2026-02-17T19:51:40.322091" elapsed="0.007118"/>
</kw>
<kw name="Click" owner="Browser">
<msg time="2026-02-17T19:51:40.330241" level="INFO">Clicks the element 'xpath=//strong[text()="Criar uma nova IA"]/..//button[@class="item-toggle"]'.</msg>
<arg>${element}</arg>
<tag>PageContent</tag>
<tag>Setter</tag>
<doc>Simulates mouse click on the element found by ``selector``.</doc>
<status status="PASS" start="2026-02-17T19:51:40.329480" elapsed="0.022057"/>
</kw>
<arg>${data}[task][name]</arg>
<status status="PASS" start="2026-02-17T19:51:40.320893" elapsed="0.030841"/>
</kw>
<kw name="Task Should be complete" owner="TasksPage">
<kw name="Set Variable" owner="BuiltIn">
<msg time="2026-02-17T19:51:40.354210" level="INFO">${element} = css=.task-done &gt;&gt; text=Criar uma nova IA</msg>
<var>${element}</var>
<arg>css=.task-done &gt;&gt; text=${task_name}</arg>
<doc>Returns the given values which can then be assigned to a variables.</doc>
<status status="PASS" start="2026-02-17T19:51:40.353584" elapsed="0.000700"/>
</kw>
<kw name="Wait For Elements State" owner="Browser">
<msg time="2026-02-17T19:51:40.461341" level="INFO">Waited for Element with selector css=.task-done &gt;&gt; text=Criar uma nova IA at state visible</msg>
<arg>${element}</arg>
<arg>visible</arg>
<arg>5</arg>
<tag>PageContent</tag>
<tag>Wait</tag>
<doc>Waits for the element found by ``selector`` to satisfy state option.</doc>
<status status="PASS" start="2026-02-17T19:51:40.354617" elapsed="0.106975"/>
</kw>
<kw name="Get Style" owner="Browser">
<msg time="2026-02-17T19:51:40.477839" level="INFO">Value of key: text-decoration-line</msg>
<msg time="2026-02-17T19:51:40.477928" level="INFO">Value of selected property: line-through</msg>
<arg>${element}</arg>
<arg>text-decoration-line</arg>
<arg>equal</arg>
<arg>line-through</arg>
<tag>Assertion</tag>
<tag>Getter</tag>
<tag>PageContent</tag>
<doc>Gets the computed style properties of the element selected by ``selector``.</doc>
<status status="PASS" start="2026-02-17T19:51:40.461866" elapsed="0.016181"/>
</kw>
<arg>${data}[task][name]</arg>
<status status="PASS" start="2026-02-17T19:51:40.352527" elapsed="0.125675"/>
</kw>
<kw name="Take Screenshot" owner="Browser" type="TEARDOWN">
<msg time="2026-02-17T19:51:40.708195" level="INFO" html="true">&lt;/td&gt;&lt;/tr&gt;&lt;tr&gt;&lt;td colspan="3"&gt;&lt;a href="browser/screenshot/robotframework-browser-screenshot-12.png" target="_blank"&gt;&lt;img src="browser/screenshot/robotframework-browser-screenshot-12.png" width="800px"/&gt;&lt;/a&gt;</msg>
<tag>PageContent</tag>
<doc>Takes a screenshot of the current window or element and saves it to disk.</doc>
<status status="PASS" start="2026-02-17T19:51:40.478994" elapsed="0.229754"/>
</kw>
<msg time="2026-02-17T19:51:40.736884" level="INFO">Switching context to context=e4a036e0-c29f-4e75-ae33-bbb5114257c6 in CURRENT</msg>
<msg time="2026-02-17T19:51:40.746946" level="INFO">Successfully changed active context: context=e4a036e0-c29f-4e75-ae33-bbb5114257c6</msg>
<msg time="2026-02-17T19:51:40.840759" level="INFO">Successfully closed Context</msg>
<status status="PASS" start="2026-02-17T19:51:39.048258" elapsed="1.661088"/>
</test>
<doc>Cenários de testes de atualização de tarefas</doc>
<status status="PASS" start="2026-02-17T19:51:39.010559" elapsed="1.832031"/>
</suite>
<status status="PASS" start="2026-02-17T19:51:24.664667" elapsed="16.196712"/>
</suite>
<status status="PASS" start="2026-02-17T19:51:10.101530" elapsed="30.764731"/>
</suite>
<statistics>
<total>
<stat pass="13" fail="0" skip="0">All Tests</stat>
</total>
<tag>
<stat pass="1" fail="0" skip="0">critical</stat>
<stat pass="2" fail="0" skip="0">dup</stat>
<stat pass="1" fail="0" skip="0">inv_email</stat>
<stat pass="1" fail="0" skip="0">required</stat>
<stat pass="1" fail="0" skip="0">tags_limit</stat>
<stat pass="1" fail="0" skip="0">temp</stat>
</tag>
<suite>
<stat name="Tests" id="s1" pass="13" fail="0" skip="0">Tests</stat>
<stat name="Login" id="s1-s1" pass="2" fail="0" skip="0">Tests.Login</stat>
<stat name="Online" id="s1-s2" pass="1" fail="0" skip="0">Tests.Online</stat>
<stat name="Signup" id="s1-s3" pass="5" fail="0" skip="0">Tests.Signup</stat>
<stat name="Tasks" id="s1-s4" pass="5" fail="0" skip="0">Tests.Tasks</stat>
<stat name="Create" id="s1-s4-s1" pass="3" fail="0" skip="0">Tests.Tasks.Create</stat>
<stat name="Delete" id="s1-s4-s2" pass="1" fail="0" skip="0">Tests.Tasks.Delete</stat>
<stat name="Update" id="s1-s4-s3" pass="1" fail="0" skip="0">Tests.Tasks.Update</stat>
</suite>
</statistics>
<errors>
</errors>
</robot>
