<?xml version="1.0" encoding="UTF-8"?>
<robot generator="Robot 7.3.2 (Python 3.14.0 on win32)" generated="2026-01-27T18:53:03.139381" rpa="false" schemaversion="5">
<suite id="s1" name="Delete" source="C:\AUTOMACAO\Projetos Particulares\RobotExpress_Udemy\projects\mark85-robot-express\tests\tasks\delete.robot">
<test id="s1-t1" name="Deve poder apagar uma tarefa indesejada" line="10">
<kw name="Start Session" owner="base" type="SETUP">
<kw name="New Browser" owner="Browser">
<msg time="2026-01-27T18:53:03.795096" level="INFO">{"browser": "chromium", "headless": false, "chromiumSandbox": false, "devtools": false, "handleSIGHUP": true, "handleSIGINT": true, "handleSIGTERM": true, "slowMo": 0.0, "timeout": 30000.0, "tracesDir": "C:\\AUTOMACAO\\Projetos Particulares\\RobotExpress_Udemy\\projects\\mark85-robot-express\\.logs\\browser\\traces\\temp\\db62dca4-b85f-43b9-b528-3e90eccfe8c6"}</msg>
<msg time="2026-01-27T18:53:03.865458" level="INFO">Starting Browser process C:\Users\rodrigo.miranda_sank\AppData\Roaming\Python\Python314\site-packages\Browser\wrapper\index.js using at 127.0.0.1:56834</msg>
<msg time="2026-01-27T18:53:05.331402" level="INFO">Successfully created browser with options: {"browser":"chromium","headless":false,"chromiumSandbox":false,"devtools":false,"handleSIGHUP":true,"handleSIGINT":true,"handleSIGTERM":true,"slowMo":0,"timeout":30000,"tracesDir":"C:\\AUTOMACAO\\Projetos Particulares\\RobotExpress_Udemy\\projects\\mark85-robot-express\\.logs\\browser\\traces\\temp\\db62dca4-b85f-43b9-b528-3e90eccfe8c6"}</msg>
<arg>browser=chromium</arg>
<arg>headless=False</arg>
<tag>BrowserControl</tag>
<tag>Setter</tag>
<doc>Create a new playwright Browser with specified options.</doc>
<status status="PASS" start="2026-01-27T18:53:03.794446" elapsed="1.537176"/>
</kw>
<kw name="New Page" owner="Browser">
<msg time="2026-01-27T18:53:06.221233" level="INFO">Successfully initialized new page object and opened url: http://localhost:3000</msg>
<msg time="2026-01-27T18:53:06.221433" level="INFO">No context was open. New context was automatically opened when this page is created.</msg>
<arg>${BASE_URL}</arg>
<tag>BrowserControl</tag>
<tag>Setter</tag>
<doc>Open a new Page.</doc>
<status status="PASS" start="2026-01-27T18:53:05.332030" elapsed="0.889669"/>
</kw>
<status status="PASS" start="2026-01-27T18:53:03.793864" elapsed="2.428045"/>
</kw>
<kw name="Get fixture" owner="base">
<kw name="Load Json From File" owner="JSONLibrary">
<msg time="2026-01-27T18:53:06.225941" level="INFO">${data} = {'create': {'user': {'name': 'Steve Jobs', 'email': 'jobs@apple.com', 'password': 'rcm123'}, 'task': {'name': 'Criar uma nova versão do Ipod', 'tags': ['ios', 'music', 'ipod']}}, 'duplicate': {'user':...</msg>
<var>${data}</var>
<arg>${EXECDIR}/resources/fixtures/${file_name}.json</arg>
<arg>encoding=utf-8</arg>
<doc>Load JSON from file.</doc>
<status status="PASS" start="2026-01-27T18:53:06.224255" elapsed="0.001778"/>
</kw>
<return>
<value>${data}[${scenario}]</value>
<status status="PASS" start="2026-01-27T18:53:06.226146" elapsed="0.000235"/>
</return>
<msg time="2026-01-27T18:53:06.227235" level="INFO">${data} = {'user': {'name': 'Hank Pym', 'email': 'hank@pymtech.com', 'password': 'rcm123'}, 'task': {'name': 'Criar a IA do Ultron', 'tags': ['ultron', 'ia']}}</msg>
<var>${data}</var>
<arg>tasks</arg>
<arg>delete</arg>
<status status="PASS" start="2026-01-27T18:53:06.222867" elapsed="0.004458"/>
</kw>
<kw name="Clean user from database" owner="database">
<arg>${data}[user][email]</arg>
<status status="PASS" start="2026-01-27T18:53:06.227723" elapsed="0.197410"/>
</kw>
<kw name="Insert user from database" owner="database">
<msg time="2026-01-27T18:53:06.461888" level="INFO">{'name': 'Hank Pym', 'email': 'hank@pymtech.com', 'password': 'rcm123'}</msg>
<arg>${data}[user]</arg>
<status status="PASS" start="2026-01-27T18:53:06.425510" elapsed="0.036481"/>
</kw>
<kw name="POST user session" owner="services">
<kw name="Create Dictionary" owner="BuiltIn">
<msg time="2026-01-27T18:53:06.463284" level="INFO">${payload} = {'email': 'hank@pymtech.com', 'password': 'rcm123'}</msg>
<var>${payload}</var>
<arg>email=${user}[email]</arg>
<arg>password=${user}[password]</arg>
<doc>Creates and returns a dictionary based on the given ``items``.</doc>
<status status="PASS" start="2026-01-27T18:53:06.462965" elapsed="0.000337"/>
</kw>
<kw name="POST" owner="RequestsLibrary">
<msg time="2026-01-27T18:53:06.511405" level="INFO">POST Request : url=http://localhost:3333/sessions 
 path_url=/sessions 
 headers={'User-Agent': 'python-requests/2.32.5', 'Accept-Encoding': 'gzip, deflate, zstd', 'Accept': '*/*', 'Connection': 'keep-alive', 'Content-Length': '51', 'Content-Type': 'application/json'} 
 body=b'{"email": "hank@pymtech.com", "password": "rcm123"}' 
 </msg>
<msg time="2026-01-27T18:53:06.511555" level="INFO">POST Response : url=http://localhost:3333/sessions 
 status=200, reason=OK 
 headers={'X-Powered-By': 'Express', 'Access-Control-Allow-Origin': '*', 'Content-Type': 'application/json; charset=utf-8', 'Content-Length': '577', 'ETag': 'W/"241-/Bv5anUnYKo2hLsALi6SyRZ3RNo"', 'Date': 'Tue, 27 Jan 2026 21:53:06 GMT', 'Connection': 'keep-alive', 'Keep-Alive': 'timeout=5'} 
 body={"user":{"_id":"697933c29f34bf761d0b41d4","name":"Hank Pym","email":"hank@pymtech.com","password":"$2b$08$VkSzcu3zZKKCduQT8ABy2uml5iwwrIuqVgSxWAGoHHb74XZ3TAm1G"},"token":"eyJhbGciOiJIUzI1NiIsInR5cCI6IkpXVCJ9.eyJpZCI6IjY5NzkzM2MyOWYzNGJmNzYxZDBiNDFkNCIsInVzZXIiOnsiX2lkIjoiNjk3OTMzYzI5ZjM0YmY3NjFkMGI0MWQ0IiwibmFtZSI6IkhhbmsgUHltIiwiZW1haWwiOiJoYW5rQHB5bXRlY2guY29tIiwicGFzc3dvcmQiOiIkMmIkMDgkVmtTemN1M3paS0tDZHVRVDhBQnkydW1sNWl3d3JJdXFWZ1N4V0FHb0hIYjc0WFozVEFtMUcifSwiaWF0IjoxNzY5NTUwNzg2LCJleHAiOjE3NzA0MTQ3ODZ9.3zAmOq1Sv2wTflS590maEXQiC9czOZ982NttZZadK7E","expires_in":"10d"} 
 </msg>
<msg time="2026-01-27T18:53:06.511707" level="INFO">${resp} = &lt;Response [200]&gt;</msg>
<var>${resp}</var>
<arg>url=http://localhost:3333/sessions</arg>
<arg>json=${payload}</arg>
<arg>expected_status=200</arg>
<doc>Sends a POST request.</doc>
<status status="PASS" start="2026-01-27T18:53:06.463390" elapsed="0.048354"/>
</kw>
<kw name="Set Variable" owner="BuiltIn">
<msg time="2026-01-27T18:53:06.512711" level="INFO">${token} = eyJhbGciOiJIUzI1NiIsInR5cCI6IkpXVCJ9.eyJpZCI6IjY5NzkzM2MyOWYzNGJmNzYxZDBiNDFkNCIsInVzZXIiOnsiX2lkIjoiNjk3OTMzYzI5ZjM0YmY3NjFkMGI0MWQ0IiwibmFtZSI6IkhhbmsgUHltIiwiZW1haWwiOiJoYW5rQHB5bXRlY2guY29tIiwicGF...</msg>
<var>${token}</var>
<arg>${resp.json()}[token]</arg>
<doc>Returns the given values which can then be assigned to a variables.</doc>
<status status="PASS" start="2026-01-27T18:53:06.511958" elapsed="0.000793"/>
</kw>
<kw name="Set Test Variable" owner="BuiltIn">
<msg time="2026-01-27T18:53:06.513218" level="INFO">${token} = eyJhbGciOiJIUzI1NiIsInR5cCI6IkpXVCJ9.eyJpZCI6IjY5NzkzM2MyOWYzNGJmNzYxZDBiNDFkNCIsInVzZXIiOnsiX2lkIjoiNjk3OTMzYzI5ZjM0YmY3NjFkMGI0MWQ0IiwibmFtZSI6IkhhbmsgUHltIiwiZW1haWwiOiJoYW5rQHB5bXRlY2guY29tIiwicGF...</msg>
<arg>${token}</arg>
<doc>Makes a variable available everywhere within the scope of the current test.</doc>
<status status="PASS" start="2026-01-27T18:53:06.512909" elapsed="0.000362"/>
</kw>
<arg>${data}[user]</arg>
<status status="PASS" start="2026-01-27T18:53:06.462595" elapsed="0.050764"/>
</kw>
<kw name="POST a new task" owner="services">
<kw name="Create Dictionary" owner="BuiltIn">
<msg time="2026-01-27T18:53:06.514455" level="INFO">${headers} = {'Authorization': 'eyJhbGciOiJIUzI1NiIsInR5cCI6IkpXVCJ9.eyJpZCI6IjY5NzkzM2MyOWYzNGJmNzYxZDBiNDFkNCIsInVzZXIiOnsiX2lkIjoiNjk3OTMzYzI5ZjM0YmY3NjFkMGI0MWQ0IiwibmFtZSI6IkhhbmsgUHltIiwiZW1haWwiOiJoYW5rQHB5...</msg>
<var>${headers}</var>
<arg>Authorization=${token}</arg>
<doc>Creates and returns a dictionary based on the given ``items``.</doc>
<status status="PASS" start="2026-01-27T18:53:06.514245" elapsed="0.000230"/>
</kw>
<kw name="POST" owner="RequestsLibrary">
<msg time="2026-01-27T18:53:06.559035" level="INFO">POST Request : url=http://localhost:3333/tasks 
 path_url=/tasks 
 headers={'User-Agent': 'python-requests/2.32.5', 'Accept-Encoding': 'gzip, deflate, zstd', 'Accept': '*/*', 'Connection': 'keep-alive', 'Authorization': 'eyJhbGciOiJIUzI1NiIsInR5cCI6IkpXVCJ9.eyJpZCI6IjY5NzkzM2MyOWYzNGJmNzYxZDBiNDFkNCIsInVzZXIiOnsiX2lkIjoiNjk3OTMzYzI5ZjM0YmY3NjFkMGI0MWQ0IiwibmFtZSI6IkhhbmsgUHltIiwiZW1haWwiOiJoYW5rQHB5bXRlY2guY29tIiwicGFzc3dvcmQiOiIkMmIkMDgkVmtTemN1M3paS0tDZHVRVDhBQnkydW1sNWl3d3JJdXFWZ1N4V0FHb0hIYjc0WFozVEFtMUcifSwiaWF0IjoxNzY5NTUwNzg2LCJleHAiOjE3NzA0MTQ3ODZ9.3zAmOq1Sv2wTflS590maEXQiC9czOZ982NttZZadK7E', 'Content-Length': '58', 'Content-Type': 'application/json'} 
 body=b'{"name": "Criar a IA do Ultron", "tags": ["ultron", "ia"]}' 
 </msg>
<msg time="2026-01-27T18:53:06.559337" level="INFO">POST Response : url=http://localhost:3333/tasks 
 status=201, reason=Created 
 headers={'X-Powered-By': 'Express', 'Access-Control-Allow-Origin': '*', 'Content-Type': 'application/json; charset=utf-8', 'Content-Length': '137', 'ETag': 'W/"89-oawC++CyM4afi34eEdPqESBX05Y"', 'Date': 'Tue, 27 Jan 2026 21:53:06 GMT', 'Connection': 'keep-alive', 'Keep-Alive': 'timeout=5'} 
 body={"name":"Criar a IA do Ultron","is_done":false,"tags":["ultron","ia"],"user":"697933c29f34bf761d0b41d4","_id":"697933c2b04504bfd04b0578"} 
 </msg>
<arg>url=http://localhost:3333/tasks</arg>
<arg>json=${payload}</arg>
<arg>headers=${headers}</arg>
<arg>expected_status=201</arg>
<doc>Sends a POST request.</doc>
<status status="PASS" start="2026-01-27T18:53:06.514550" elapsed="0.044950"/>
</kw>
<arg>${data}[task]</arg>
<status status="PASS" start="2026-01-27T18:53:06.513818" elapsed="0.046023"/>
</kw>
<kw name="Submit login form" owner="LoginPage">
<kw name="Fill Text" owner="Browser">
<msg time="2026-01-27T18:53:06.561143" level="INFO">Fills the text 'hank@pymtech.com' in the given field.</msg>
<arg>css=input[placeholder$=mail]</arg>
<arg>${user}[email]</arg>
<tag>PageContent</tag>
<tag>Setter</tag>
<doc>Clears and fills the given ``txt`` into the text field found by ``selector``.</doc>
<status status="PASS" start="2026-01-27T18:53:06.560777" elapsed="0.047794"/>
</kw>
<kw name="Fill Text" owner="Browser">
<msg time="2026-01-27T18:53:06.609828" level="INFO">Fills the text 'rcm123' in the given field.</msg>
<arg>css=input[placeholder=Senha]</arg>
<arg>${user}[password]</arg>
<tag>PageContent</tag>
<tag>Setter</tag>
<doc>Clears and fills the given ``txt`` into the text field found by ``selector``.</doc>
<status status="PASS" start="2026-01-27T18:53:06.608842" elapsed="0.020931"/>
</kw>
<kw name="Click" owner="Browser">
<msg time="2026-01-27T18:53:06.631308" level="INFO">Clicks the element 'css=button &gt;&gt; text=Entrar'.</msg>
<arg>css=button &gt;&gt; text=Entrar</arg>
<tag>PageContent</tag>
<tag>Setter</tag>
<doc>Simulates mouse click on the element found by ``selector``.</doc>
<status status="PASS" start="2026-01-27T18:53:06.630101" elapsed="0.059657"/>
</kw>
<arg>${data}[user]</arg>
<status status="PASS" start="2026-01-27T18:53:06.560384" elapsed="0.129585"/>
</kw>
<kw name="User should be logged in" owner="Header">
<kw name="Split String" owner="String">
<msg time="2026-01-27T18:53:06.691790" level="INFO">@{splited_name} = [ Hank | Pym ]</msg>
<var>@{splited_name}</var>
<arg>${name}</arg>
<doc>Splits the ``string`` using ``separator`` as a delimiter string.</doc>
<status status="PASS" start="2026-01-27T18:53:06.691284" elapsed="0.000557"/>
</kw>
<kw name="Set Variable" owner="BuiltIn">
<msg time="2026-01-27T18:53:06.692516" level="INFO">${element} = css=header .right small</msg>
<var>${element}</var>
<arg>css=header .right small</arg>
<doc>Returns the given values which can then be assigned to a variables.</doc>
<status status="PASS" start="2026-01-27T18:53:06.692078" elapsed="0.000491"/>
</kw>
<kw name="Wait For Elements State" owner="Browser">
<msg time="2026-01-27T18:53:06.747375" level="INFO">Waited for Element with selector css=header .right small at state visible</msg>
<arg>${element}</arg>
<arg>visible</arg>
<arg>5</arg>
<tag>PageContent</tag>
<tag>Wait</tag>
<doc>Waits for the element found by ``selector`` to satisfy state option.</doc>
<status status="PASS" start="2026-01-27T18:53:06.692752" elapsed="0.055184"/>
</kw>
<kw name="Get Text" owner="Browser">
<msg time="2026-01-27T18:53:06.795003" level="INFO">Text: 'Olá, Hank'</msg>
<arg>${element}</arg>
<arg>equal</arg>
<arg>Olá, ${splited_name}[0]</arg>
<tag>Assertion</tag>
<tag>Getter</tag>
<tag>PageContent</tag>
<doc>Returns text attribute of the element found by ``selector``.</doc>
<status status="PASS" start="2026-01-27T18:53:06.748529" elapsed="0.046622"/>
</kw>
<arg>${data}[user][name]</arg>
<status status="PASS" start="2026-01-27T18:53:06.690660" elapsed="0.104640"/>
</kw>
<kw name="Request removal" owner="TasksPage">
<kw name="Set Variable" owner="BuiltIn">
<msg time="2026-01-27T18:53:06.796721" level="INFO">${element} = xpath=//strong[text()="Criar a IA do Ultron"]/..//button[@class="task-remove"]</msg>
<var>${element}</var>
<arg>xpath=//strong[text()="${task_name}"]/..//button[@class="task-remove"]</arg>
<doc>Returns the given values which can then be assigned to a variables.</doc>
<status status="PASS" start="2026-01-27T18:53:06.796402" elapsed="0.000356"/>
</kw>
<kw name="Wait For Elements State" owner="Browser">
<msg time="2026-01-27T18:53:06.804652" level="INFO">Waited for Element with selector xpath=//strong[text()="Criar a IA do Ultron"]/..//button[@class="task-remove"] at state visible</msg>
<arg>${element}</arg>
<arg>visible</arg>
<arg>5</arg>
<tag>PageContent</tag>
<tag>Wait</tag>
<doc>Waits for the element found by ``selector`` to satisfy state option.</doc>
<status status="PASS" start="2026-01-27T18:53:06.796960" elapsed="0.007905"/>
</kw>
<kw name="Click" owner="Browser">
<msg time="2026-01-27T18:53:06.806290" level="INFO">Clicks the element 'xpath=//strong[text()="Criar a IA do Ultron"]/..//button[@class="task-remove"]'.</msg>
<arg>${element}</arg>
<tag>PageContent</tag>
<tag>Setter</tag>
<doc>Simulates mouse click on the element found by ``selector``.</doc>
<status status="PASS" start="2026-01-27T18:53:06.805154" elapsed="0.021043"/>
</kw>
<arg>${data}[task][name]</arg>
<status status="PASS" start="2026-01-27T18:53:06.795856" elapsed="0.030533"/>
</kw>
<kw name="Task should not exist" owner="TasksPage">
<kw name="Wait For Elements State" owner="Browser">
<msg time="2026-01-27T18:53:06.871431" level="INFO">Waited for Element with selector css=.task-todo &gt;&gt; text=Criar a IA do Ultron at state detached</msg>
<arg>css=.task-todo &gt;&gt; text=${task_name}</arg>
<arg>detached</arg>
<arg>5</arg>
<tag>PageContent</tag>
<tag>Wait</tag>
<doc>Waits for the element found by ``selector`` to satisfy state option.</doc>
<status status="PASS" start="2026-01-27T18:53:06.828221" elapsed="0.043384"/>
</kw>
<arg>${data}[task][name]</arg>
<status status="PASS" start="2026-01-27T18:53:06.827529" elapsed="0.044206"/>
</kw>
<kw name="Sleep" owner="BuiltIn">
<msg time="2026-01-27T18:53:11.873039" level="INFO">Slept 5 seconds.</msg>
<arg>5</arg>
<doc>Pauses the test executed for the given time.</doc>
<status status="PASS" start="2026-01-27T18:53:06.872218" elapsed="5.001088"/>
</kw>
<kw name="Take Screenshot" owner="Browser" type="TEARDOWN">
<msg time="2026-01-27T18:53:12.025821" level="INFO" html="true">&lt;/td&gt;&lt;/tr&gt;&lt;tr&gt;&lt;td colspan="3"&gt;&lt;a href="browser/screenshot/robotframework-browser-screenshot-1.png" target="_blank"&gt;&lt;img src="browser/screenshot/robotframework-browser-screenshot-1.png" width="800px"/&gt;&lt;/a&gt;</msg>
<tag>PageContent</tag>
<doc>Takes a screenshot of the current window or element and saves it to disk.</doc>
<status status="PASS" start="2026-01-27T18:53:11.874564" elapsed="0.151361"/>
</kw>
<msg time="2026-01-27T18:53:12.037630" level="INFO">Switching context to context=f2fd8810-8735-49e8-bf66-f0ed8b0078a7 in CURRENT</msg>
<msg time="2026-01-27T18:53:12.043330" level="INFO">Successfully changed active context: context=f2fd8810-8735-49e8-bf66-f0ed8b0078a7</msg>
<msg time="2026-01-27T18:53:12.091038" level="INFO">Successfully closed Context</msg>
<status status="PASS" start="2026-01-27T18:53:03.793171" elapsed="8.233100"/>
</test>
<doc>Cenários de testes de remoção de tarefas</doc>
<status status="PASS" start="2026-01-27T18:53:03.140989" elapsed="8.952952"/>
</suite>
<statistics>
<total>
<stat pass="1" fail="0" skip="0">All Tests</stat>
</total>
<tag>
</tag>
<suite>
<stat name="Delete" id="s1" pass="1" fail="0" skip="0">Delete</stat>
</suite>
</statistics>
<errors>
</errors>
</robot>
